{"C:\\Users\\nalim\\OneDrive\\Desktop\\Wd301-SportBuzz\\src\\App.tsx": {"path":"C:\\Users\\nalim\\OneDrive\\Desktop\\Wd301-SportBuzz\\src\\App.tsx","statementMap":{"0":{"start":{"line":1,"column":0},"end":{"line":1,"column":52}},"1":{"start":{"line":2,"column":0},"end":{"line":2,"column":50}},"2":{"start":{"line":3,"column":0},"end":{"line":3,"column":62}},"3":{"start":{"line":4,"column":0},"end":{"line":4,"column":60}},"4":{"start":{"line":5,"column":0},"end":{"line":5,"column":58}},"5":{"start":{"line":6,"column":0},"end":{"line":6,"column":56}},"6":{"start":{"line":7,"column":0},"end":{"line":7,"column":47}},"7":{"start":{"line":8,"column":0},"end":{"line":8,"column":30}},"8":{"start":{"line":11,"column":20},"end":{"line":11,"column":44}},"9":{"start":{"line":12,"column":2},"end":{"line":28,"column":4}},"10":{"start":{"line":31,"column":0},"end":{"line":31,"column":19}}},"fnMap":{"0":{"name":"App","decl":{"start":{"line":10,"column":9},"end":{"line":10,"column":12}},"loc":{"start":{"line":10,"column":12},"end":{"line":29,"column":1}}}},"branchMap":{"0":{"loc":{"start":{"line":14,"column":47},"end":{"line":14,"column":77}},"type":"cond-expr","locations":[{"start":{"line":14,"column":66},"end":{"line":14,"column":72}},{"start":{"line":14,"column":75},"end":{"line":14,"column":77}}]}},"s":{"0":0,"1":0,"2":0,"3":0,"4":0,"5":0,"6":0,"7":0,"8":0,"9":0,"10":0},"f":{"0":0},"b":{"0":[0,0]}}
,"C:\\Users\\nalim\\OneDrive\\Desktop\\Wd301-SportBuzz\\src\\main.tsx": {"path":"C:\\Users\\nalim\\OneDrive\\Desktop\\Wd301-SportBuzz\\src\\main.tsx","statementMap":{"0":{"start":{"line":1,"column":0},"end":{"line":1,"column":26}},"1":{"start":{"line":2,"column":0},"end":{"line":2,"column":33}},"2":{"start":{"line":3,"column":0},"end":{"line":3,"column":24}},"3":{"start":{"line":4,"column":0},"end":{"line":4,"column":48}},"4":{"start":{"line":5,"column":0},"end":{"line":5,"column":21}},"5":{"start":{"line":7,"column":0},"end":{"line":14,"column":2}}},"fnMap":{},"branchMap":{},"s":{"0":0,"1":0,"2":0,"3":0,"4":0,"5":0},"f":{},"b":{}}
,"C:\\Users\\nalim\\OneDrive\\Desktop\\Wd301-SportBuzz\\src\\components\\ErrorBoundary.tsx": {"path":"C:\\Users\\nalim\\OneDrive\\Desktop\\Wd301-SportBuzz\\src\\components\\ErrorBoundary.tsx","statementMap":{"0":{"start":{"line":1,"column":0},"end":{"line":1,"column":63}},"1":{"start":{"line":13,"column":4},"end":{"line":13,"column":17}},"2":{"start":{"line":14,"column":4},"end":{"line":14,"column":37}},"3":{"start":{"line":18,"column":4},"end":{"line":18,"column":30}},"4":{"start":{"line":23,"column":4},"end":{"line":23,"column":70}},"5":{"start":{"line":27,"column":4},"end":{"line":29,"column":5}},"6":{"start":{"line":28,"column":6},"end":{"line":28,"column":46}},"7":{"start":{"line":31,"column":4},"end":{"line":31,"column":31}},"8":{"start":{"line":35,"column":0},"end":{"line":35,"column":29}}},"fnMap":{"0":{"name":"(anonymous_6)","decl":{"start":{"line":12,"column":2},"end":{"line":12,"column":14}},"loc":{"start":{"line":12,"column":39},"end":{"line":15,"column":3}}},"1":{"name":"(anonymous_7)","decl":{"start":{"line":17,"column":2},"end":{"line":17,"column":8}},"loc":{"start":{"line":17,"column":46},"end":{"line":19,"column":3}}},"2":{"name":"(anonymous_8)","decl":{"start":{"line":21,"column":2},"end":{"line":21,"column":19}},"loc":{"start":{"line":21,"column":54},"end":{"line":24,"column":3}}},"3":{"name":"(anonymous_9)","decl":{"start":{"line":26,"column":2},"end":{"line":26,"column":8}},"loc":{"start":{"line":26,"column":8},"end":{"line":32,"column":3}}}},"branchMap":{"0":{"loc":{"start":{"line":27,"column":4},"end":{"line":29,"column":5}},"type":"if","locations":[{"start":{"line":27,"column":4},"end":{"line":29,"column":5}}]}},"s":{"0":0,"1":0,"2":0,"3":0,"4":0,"5":0,"6":0,"7":0,"8":0},"f":{"0":0,"1":0,"2":0,"3":0},"b":{"0":[0]}}
,"C:\\Users\\nalim\\OneDrive\\Desktop\\Wd301-SportBuzz\\src\\config\\constants.ts": {"path":"C:\\Users\\nalim\\OneDrive\\Desktop\\Wd301-SportBuzz\\src\\config\\constants.ts","statementMap":{"0":{"start":{"line":1,"column":13},"end":{"line":1,"column":58}}},"fnMap":{},"branchMap":{},"s":{"0":1},"f":{},"b":{}}
,"C:\\Users\\nalim\\OneDrive\\Desktop\\Wd301-SportBuzz\\src\\context\\theme.tsx": {"path":"C:\\Users\\nalim\\OneDrive\\Desktop\\Wd301-SportBuzz\\src\\context\\theme.tsx","statementMap":{"0":{"start":{"line":2,"column":0},"end":{"line":2,"column":55}},"1":{"start":{"line":9,"column":21},"end":{"line":12,"column":2}},"2":{"start":{"line":29,"column":9},"end":{"line":29,"column":21}},"3":{"start":{"line":14,"column":57},"end":{"line":27,"column":1}},"4":{"start":{"line":15,"column":28},"end":{"line":15,"column":45}},"5":{"start":{"line":17,"column":23},"end":{"line":20,"column":4}},"6":{"start":{"line":22,"column":2},"end":{"line":26,"column":4}},"7":{"start":{"line":29,"column":23},"end":{"line":29,"column":36}}},"fnMap":{"0":{"name":"(anonymous_6)","decl":{"start":{"line":11,"column":12},"end":{"line":11,"column":15}},"loc":{"start":{"line":11,"column":17},"end":{"line":11,"column":20}}},"1":{"name":"(anonymous_7)","decl":{"start":{"line":14,"column":57},"end":{"line":14,"column":58}},"loc":{"start":{"line":14,"column":74},"end":{"line":27,"column":1}}}},"branchMap":{},"s":{"0":0,"1":0,"2":0,"3":0,"4":0,"5":0,"6":0,"7":0},"f":{"0":0,"1":0},"b":{}}
,"C:\\Users\\nalim\\OneDrive\\Desktop\\Wd301-SportBuzz\\src\\context\\article\\actions.tsx": {"path":"C:\\Users\\nalim\\OneDrive\\Desktop\\Wd301-SportBuzz\\src\\context\\article\\actions.tsx","statementMap":{"0":{"start":{"line":2,"column":0},"end":{"line":2,"column":54}},"1":{"start":{"line":3,"column":32},"end":{"line":24,"column":1}},"2":{"start":{"line":4,"column":16},"end":{"line":4,"column":55}},"3":{"start":{"line":6,"column":2},"end":{"line":23,"column":3}},"4":{"start":{"line":7,"column":4},"end":{"line":7,"column":48}},"5":{"start":{"line":8,"column":21},"end":{"line":13,"column":6}},"6":{"start":{"line":14,"column":17},"end":{"line":14,"column":38}},"7":{"start":{"line":16,"column":4},"end":{"line":16,"column":63}},"8":{"start":{"line":18,"column":4},"end":{"line":18,"column":59}},"9":{"start":{"line":19,"column":4},"end":{"line":22,"column":7}},"10":{"start":{"line":3,"column":13},"end":{"line":3,"column":32}}},"fnMap":{"0":{"name":"(anonymous_0)","decl":{"start":{"line":3,"column":32},"end":{"line":3,"column":37}},"loc":{"start":{"line":3,"column":75},"end":{"line":24,"column":1}}}},"branchMap":{"0":{"loc":{"start":{"line":4,"column":16},"end":{"line":4,"column":55}},"type":"binary-expr","locations":[{"start":{"line":4,"column":16},"end":{"line":4,"column":49}},{"start":{"line":4,"column":53},"end":{"line":4,"column":55}}]}},"s":{"0":1,"1":1,"2":2,"3":2,"4":2,"5":2,"6":1,"7":1,"8":1,"9":1,"10":1},"f":{"0":2},"b":{"0":[2,2]}}
,"C:\\Users\\nalim\\OneDrive\\Desktop\\Wd301-SportBuzz\\src\\context\\article\\context.tsx": {"path":"C:\\Users\\nalim\\OneDrive\\Desktop\\Wd301-SportBuzz\\src\\context\\article\\context.tsx","statementMap":{"0":{"start":{"line":3,"column":0},"end":{"line":3,"column":69}},"1":{"start":{"line":4,"column":0},"end":{"line":4,"column":80}},"2":{"start":{"line":5,"column":28},"end":{"line":5,"column":78}},"3":{"start":{"line":11,"column":31},"end":{"line":12,"column":null}},"4":{"start":{"line":14,"column":66},"end":{"line":28,"column":1}},"5":{"start":{"line":17,"column":28},"end":{"line":17,"column":61}},"6":{"start":{"line":21,"column":2},"end":{"line":27,"column":4}},"7":{"start":{"line":14,"column":13},"end":{"line":14,"column":66}},"8":{"start":{"line":30,"column":31},"end":{"line":30,"column":68}},"9":{"start":{"line":30,"column":37},"end":{"line":30,"column":68}},"10":{"start":{"line":30,"column":13},"end":{"line":30,"column":31}},"11":{"start":{"line":32,"column":34},"end":{"line":32,"column":74}},"12":{"start":{"line":32,"column":40},"end":{"line":32,"column":74}},"13":{"start":{"line":32,"column":13},"end":{"line":32,"column":34}}},"fnMap":{"0":{"name":"(anonymous_6)","decl":{"start":{"line":14,"column":66},"end":{"line":14,"column":67}},"loc":{"start":{"line":16,"column":5},"end":{"line":28,"column":1}}},"1":{"name":"(anonymous_7)","decl":{"start":{"line":30,"column":31},"end":{"line":30,"column":34}},"loc":{"start":{"line":30,"column":37},"end":{"line":30,"column":68}}},"2":{"name":"(anonymous_8)","decl":{"start":{"line":32,"column":34},"end":{"line":32,"column":37}},"loc":{"start":{"line":32,"column":40},"end":{"line":32,"column":74}}}},"branchMap":{},"s":{"0":0,"1":0,"2":0,"3":0,"4":0,"5":0,"6":0,"7":0,"8":0,"9":0,"10":0,"11":0,"12":0,"13":0},"f":{"0":0,"1":0,"2":0},"b":{}}
,"C:\\Users\\nalim\\OneDrive\\Desktop\\Wd301-SportBuzz\\src\\context\\article\\reducer.ts": {"path":"C:\\Users\\nalim\\OneDrive\\Desktop\\Wd301-SportBuzz\\src\\context\\article\\reducer.ts","statementMap":{"0":{"start":{"line":19,"column":13},"end":{"line":36,"column":2}},"1":{"start":{"line":49,"column":23},"end":{"line":76,"column":1}},"2":{"start":{"line":53,"column":2},"end":{"line":75,"column":3}},"3":{"start":{"line":55,"column":6},"end":{"line":58,"column":8}},"4":{"start":{"line":60,"column":6},"end":{"line":64,"column":8}},"5":{"start":{"line":66,"column":6},"end":{"line":71,"column":8}},"6":{"start":{"line":74,"column":6},"end":{"line":74,"column":19}},"7":{"start":{"line":49,"column":13},"end":{"line":49,"column":23}}},"fnMap":{"0":{"name":"(anonymous_0)","decl":{"start":{"line":49,"column":23},"end":{"line":49,"column":null}},"loc":{"start":{"line":52,"column":18},"end":{"line":76,"column":1}}}},"branchMap":{"0":{"loc":{"start":{"line":50,"column":2},"end":{"line":50,"column":36}},"type":"default-arg","locations":[{"start":{"line":50,"column":24},"end":{"line":50,"column":36}}]},"1":{"loc":{"start":{"line":53,"column":2},"end":{"line":75,"column":3}},"type":"switch","locations":[{"start":{"line":54,"column":4},"end":{"line":58,"column":8}},{"start":{"line":59,"column":4},"end":{"line":64,"column":8}},{"start":{"line":65,"column":4},"end":{"line":71,"column":8}},{"start":{"line":73,"column":4},"end":{"line":74,"column":19}}]}},"s":{"0":0,"1":0,"2":0,"3":0,"4":0,"5":0,"6":0,"7":0},"f":{"0":0},"b":{"0":[0],"1":[0,0,0,0]}}
,"C:\\Users\\nalim\\OneDrive\\Desktop\\Wd301-SportBuzz\\src\\context\\articles\\actions.ts": {"path":"C:\\Users\\nalim\\OneDrive\\Desktop\\Wd301-SportBuzz\\src\\context\\articles\\actions.ts","statementMap":{"0":{"start":{"line":2,"column":0},"end":{"line":2,"column":54}},"1":{"start":{"line":3,"column":29},"end":{"line":24,"column":1}},"2":{"start":{"line":4,"column":16},"end":{"line":4,"column":55}},"3":{"start":{"line":6,"column":2},"end":{"line":23,"column":3}},"4":{"start":{"line":7,"column":4},"end":{"line":7,"column":50}},"5":{"start":{"line":8,"column":21},"end":{"line":13,"column":6}},"6":{"start":{"line":14,"column":17},"end":{"line":14,"column":38}},"7":{"start":{"line":16,"column":4},"end":{"line":16,"column":64}},"8":{"start":{"line":18,"column":4},"end":{"line":18,"column":51}},"9":{"start":{"line":19,"column":4},"end":{"line":22,"column":7}},"10":{"start":{"line":3,"column":13},"end":{"line":3,"column":29}}},"fnMap":{"0":{"name":"(anonymous_0)","decl":{"start":{"line":3,"column":29},"end":{"line":3,"column":34}},"loc":{"start":{"line":3,"column":53},"end":{"line":24,"column":1}}}},"branchMap":{"0":{"loc":{"start":{"line":4,"column":16},"end":{"line":4,"column":55}},"type":"binary-expr","locations":[{"start":{"line":4,"column":16},"end":{"line":4,"column":49}},{"start":{"line":4,"column":53},"end":{"line":4,"column":55}}]}},"s":{"0":0,"1":0,"2":0,"3":0,"4":0,"5":0,"6":0,"7":0,"8":0,"9":0,"10":0},"f":{"0":0},"b":{"0":[0,0]}}
,"C:\\Users\\nalim\\OneDrive\\Desktop\\Wd301-SportBuzz\\src\\context\\articles\\context.tsx": {"path":"C:\\Users\\nalim\\OneDrive\\Desktop\\Wd301-SportBuzz\\src\\context\\articles\\context.tsx","statementMap":{"0":{"start":{"line":3,"column":0},"end":{"line":3,"column":69}},"1":{"start":{"line":4,"column":0},"end":{"line":4,"column":null}},"2":{"start":{"line":10,"column":29},"end":{"line":11,"column":null}},"3":{"start":{"line":18,"column":32},"end":{"line":19,"column":null}},"4":{"start":{"line":21,"column":67},"end":{"line":35,"column":1}},"5":{"start":{"line":24,"column":28},"end":{"line":24,"column":61}},"6":{"start":{"line":28,"column":2},"end":{"line":34,"column":4}},"7":{"start":{"line":21,"column":13},"end":{"line":21,"column":67}},"8":{"start":{"line":37,"column":32},"end":{"line":37,"column":70}},"9":{"start":{"line":37,"column":38},"end":{"line":37,"column":70}},"10":{"start":{"line":37,"column":13},"end":{"line":37,"column":32}},"11":{"start":{"line":39,"column":35},"end":{"line":39,"column":76}},"12":{"start":{"line":39,"column":41},"end":{"line":39,"column":76}},"13":{"start":{"line":39,"column":13},"end":{"line":39,"column":35}}},"fnMap":{"0":{"name":"(anonymous_6)","decl":{"start":{"line":21,"column":67},"end":{"line":21,"column":68}},"loc":{"start":{"line":23,"column":5},"end":{"line":35,"column":1}}},"1":{"name":"(anonymous_7)","decl":{"start":{"line":37,"column":32},"end":{"line":37,"column":35}},"loc":{"start":{"line":37,"column":38},"end":{"line":37,"column":70}}},"2":{"name":"(anonymous_8)","decl":{"start":{"line":39,"column":35},"end":{"line":39,"column":38}},"loc":{"start":{"line":39,"column":41},"end":{"line":39,"column":76}}}},"branchMap":{},"s":{"0":0,"1":0,"2":0,"3":0,"4":0,"5":0,"6":0,"7":0,"8":0,"9":0,"10":0,"11":0,"12":0,"13":0},"f":{"0":0,"1":0,"2":0},"b":{}}
,"C:\\Users\\nalim\\OneDrive\\Desktop\\Wd301-SportBuzz\\src\\context\\articles\\reducer.ts": {"path":"C:\\Users\\nalim\\OneDrive\\Desktop\\Wd301-SportBuzz\\src\\context\\articles\\reducer.ts","statementMap":{"0":{"start":{"line":18,"column":13},"end":{"line":23,"column":2}},"1":{"start":{"line":36,"column":23},"end":{"line":63,"column":1}},"2":{"start":{"line":40,"column":2},"end":{"line":62,"column":3}},"3":{"start":{"line":42,"column":6},"end":{"line":45,"column":8}},"4":{"start":{"line":47,"column":6},"end":{"line":51,"column":8}},"5":{"start":{"line":53,"column":6},"end":{"line":58,"column":8}},"6":{"start":{"line":61,"column":6},"end":{"line":61,"column":19}},"7":{"start":{"line":36,"column":13},"end":{"line":36,"column":23}}},"fnMap":{"0":{"name":"(anonymous_0)","decl":{"start":{"line":36,"column":23},"end":{"line":36,"column":null}},"loc":{"start":{"line":39,"column":19},"end":{"line":63,"column":1}}}},"branchMap":{"0":{"loc":{"start":{"line":37,"column":2},"end":{"line":37,"column":37}},"type":"default-arg","locations":[{"start":{"line":37,"column":25},"end":{"line":37,"column":37}}]},"1":{"loc":{"start":{"line":40,"column":2},"end":{"line":62,"column":3}},"type":"switch","locations":[{"start":{"line":41,"column":4},"end":{"line":45,"column":8}},{"start":{"line":46,"column":4},"end":{"line":51,"column":8}},{"start":{"line":52,"column":4},"end":{"line":58,"column":8}},{"start":{"line":60,"column":4},"end":{"line":61,"column":19}}]}},"s":{"0":0,"1":0,"2":0,"3":0,"4":0,"5":0,"6":0,"7":0},"f":{"0":0},"b":{"0":[0],"1":[0,0,0,0]}}
,"C:\\Users\\nalim\\OneDrive\\Desktop\\Wd301-SportBuzz\\src\\context\\match\\actions.ts": {"path":"C:\\Users\\nalim\\OneDrive\\Desktop\\Wd301-SportBuzz\\src\\context\\match\\actions.ts","statementMap":{"0":{"start":{"line":2,"column":0},"end":{"line":2,"column":54}},"1":{"start":{"line":3,"column":30},"end":{"line":25,"column":1}},"2":{"start":{"line":4,"column":16},"end":{"line":4,"column":55}},"3":{"start":{"line":6,"column":2},"end":{"line":24,"column":3}},"4":{"start":{"line":7,"column":4},"end":{"line":7,"column":46}},"5":{"start":{"line":8,"column":21},"end":{"line":13,"column":6}},"6":{"start":{"line":14,"column":4},"end":{"line":14,"column":null}},"7":{"start":{"line":15,"column":17},"end":{"line":15,"column":38}},"8":{"start":{"line":16,"column":4},"end":{"line":16,"column":22}},"9":{"start":{"line":17,"column":4},"end":{"line":17,"column":61}},"10":{"start":{"line":19,"column":4},"end":{"line":19,"column":56}},"11":{"start":{"line":20,"column":4},"end":{"line":23,"column":7}},"12":{"start":{"line":3,"column":13},"end":{"line":3,"column":30}}},"fnMap":{"0":{"name":"(anonymous_0)","decl":{"start":{"line":3,"column":30},"end":{"line":3,"column":35}},"loc":{"start":{"line":3,"column":71},"end":{"line":25,"column":1}}}},"branchMap":{"0":{"loc":{"start":{"line":4,"column":16},"end":{"line":4,"column":55}},"type":"binary-expr","locations":[{"start":{"line":4,"column":16},"end":{"line":4,"column":49}},{"start":{"line":4,"column":53},"end":{"line":4,"column":55}}]}},"s":{"0":1,"1":1,"2":2,"3":2,"4":2,"5":2,"6":1,"7":1,"8":1,"9":1,"10":1,"11":1,"12":1},"f":{"0":2},"b":{"0":[2,2]}}
,"C:\\Users\\nalim\\OneDrive\\Desktop\\Wd301-SportBuzz\\src\\context\\match\\context.tsx": {"path":"C:\\Users\\nalim\\OneDrive\\Desktop\\Wd301-SportBuzz\\src\\context\\match\\context.tsx","statementMap":{"0":{"start":{"line":3,"column":0},"end":{"line":3,"column":69}},"1":{"start":{"line":4,"column":0},"end":{"line":4,"column":76}},"2":{"start":{"line":5,"column":26},"end":{"line":5,"column":74}},"3":{"start":{"line":11,"column":29},"end":{"line":12,"column":null}},"4":{"start":{"line":14,"column":64},"end":{"line":28,"column":1}},"5":{"start":{"line":17,"column":28},"end":{"line":17,"column":61}},"6":{"start":{"line":21,"column":2},"end":{"line":27,"column":4}},"7":{"start":{"line":14,"column":13},"end":{"line":14,"column":64}},"8":{"start":{"line":30,"column":29},"end":{"line":30,"column":64}},"9":{"start":{"line":30,"column":35},"end":{"line":30,"column":64}},"10":{"start":{"line":30,"column":13},"end":{"line":30,"column":29}},"11":{"start":{"line":32,"column":32},"end":{"line":32,"column":70}},"12":{"start":{"line":32,"column":38},"end":{"line":32,"column":70}},"13":{"start":{"line":32,"column":13},"end":{"line":32,"column":32}}},"fnMap":{"0":{"name":"(anonymous_6)","decl":{"start":{"line":14,"column":64},"end":{"line":14,"column":65}},"loc":{"start":{"line":16,"column":5},"end":{"line":28,"column":1}}},"1":{"name":"(anonymous_7)","decl":{"start":{"line":30,"column":29},"end":{"line":30,"column":32}},"loc":{"start":{"line":30,"column":35},"end":{"line":30,"column":64}}},"2":{"name":"(anonymous_8)","decl":{"start":{"line":32,"column":32},"end":{"line":32,"column":35}},"loc":{"start":{"line":32,"column":38},"end":{"line":32,"column":70}}}},"branchMap":{},"s":{"0":0,"1":0,"2":0,"3":0,"4":0,"5":0,"6":0,"7":0,"8":0,"9":0,"10":0,"11":0,"12":0,"13":0},"f":{"0":0,"1":0,"2":0},"b":{}}
,"C:\\Users\\nalim\\OneDrive\\Desktop\\Wd301-SportBuzz\\src\\context\\match\\reducer.ts": {"path":"C:\\Users\\nalim\\OneDrive\\Desktop\\Wd301-SportBuzz\\src\\context\\match\\reducer.ts","statementMap":{"0":{"start":{"line":21,"column":13},"end":{"line":38,"column":2}},"1":{"start":{"line":51,"column":23},"end":{"line":78,"column":1}},"2":{"start":{"line":55,"column":2},"end":{"line":77,"column":3}},"3":{"start":{"line":57,"column":6},"end":{"line":60,"column":8}},"4":{"start":{"line":62,"column":6},"end":{"line":66,"column":8}},"5":{"start":{"line":68,"column":6},"end":{"line":73,"column":8}},"6":{"start":{"line":76,"column":6},"end":{"line":76,"column":19}},"7":{"start":{"line":51,"column":13},"end":{"line":51,"column":23}}},"fnMap":{"0":{"name":"(anonymous_0)","decl":{"start":{"line":51,"column":23},"end":{"line":51,"column":null}},"loc":{"start":{"line":54,"column":16},"end":{"line":78,"column":1}}}},"branchMap":{"0":{"loc":{"start":{"line":52,"column":2},"end":{"line":52,"column":34}},"type":"default-arg","locations":[{"start":{"line":52,"column":22},"end":{"line":52,"column":34}}]},"1":{"loc":{"start":{"line":55,"column":2},"end":{"line":77,"column":3}},"type":"switch","locations":[{"start":{"line":56,"column":4},"end":{"line":60,"column":8}},{"start":{"line":61,"column":4},"end":{"line":66,"column":8}},{"start":{"line":67,"column":4},"end":{"line":73,"column":8}},{"start":{"line":75,"column":4},"end":{"line":76,"column":19}}]}},"s":{"0":0,"1":0,"2":0,"3":0,"4":0,"5":0,"6":0,"7":0},"f":{"0":0},"b":{"0":[0],"1":[0,0,0,0]}}
,"C:\\Users\\nalim\\OneDrive\\Desktop\\Wd301-SportBuzz\\src\\context\\matches\\actions.ts": {"path":"C:\\Users\\nalim\\OneDrive\\Desktop\\Wd301-SportBuzz\\src\\context\\matches\\actions.ts","statementMap":{"0":{"start":{"line":2,"column":0},"end":{"line":2,"column":54}},"1":{"start":{"line":3,"column":28},"end":{"line":24,"column":1}},"2":{"start":{"line":4,"column":16},"end":{"line":4,"column":55}},"3":{"start":{"line":6,"column":2},"end":{"line":23,"column":3}},"4":{"start":{"line":7,"column":4},"end":{"line":7,"column":48}},"5":{"start":{"line":8,"column":21},"end":{"line":13,"column":6}},"6":{"start":{"line":14,"column":17},"end":{"line":14,"column":38}},"7":{"start":{"line":16,"column":4},"end":{"line":16,"column":71}},"8":{"start":{"line":18,"column":4},"end":{"line":18,"column":50}},"9":{"start":{"line":19,"column":4},"end":{"line":22,"column":7}},"10":{"start":{"line":3,"column":13},"end":{"line":3,"column":28}}},"fnMap":{"0":{"name":"(anonymous_0)","decl":{"start":{"line":3,"column":28},"end":{"line":3,"column":33}},"loc":{"start":{"line":3,"column":52},"end":{"line":24,"column":1}}}},"branchMap":{"0":{"loc":{"start":{"line":4,"column":16},"end":{"line":4,"column":55}},"type":"binary-expr","locations":[{"start":{"line":4,"column":16},"end":{"line":4,"column":49}},{"start":{"line":4,"column":53},"end":{"line":4,"column":55}}]}},"s":{"0":1,"1":1,"2":2,"3":2,"4":2,"5":2,"6":1,"7":1,"8":1,"9":1,"10":1},"f":{"0":2},"b":{"0":[2,2]}}
,"C:\\Users\\nalim\\OneDrive\\Desktop\\Wd301-SportBuzz\\src\\context\\matches\\context.tsx": {"path":"C:\\Users\\nalim\\OneDrive\\Desktop\\Wd301-SportBuzz\\src\\context\\matches\\context.tsx","statementMap":{"0":{"start":{"line":3,"column":0},"end":{"line":3,"column":69}},"1":{"start":{"line":4,"column":0},"end":{"line":4,"column":80}},"2":{"start":{"line":5,"column":28},"end":{"line":5,"column":78}},"3":{"start":{"line":11,"column":31},"end":{"line":12,"column":null}},"4":{"start":{"line":14,"column":66},"end":{"line":28,"column":1}},"5":{"start":{"line":17,"column":28},"end":{"line":17,"column":61}},"6":{"start":{"line":21,"column":2},"end":{"line":27,"column":4}},"7":{"start":{"line":14,"column":13},"end":{"line":14,"column":66}},"8":{"start":{"line":30,"column":31},"end":{"line":30,"column":68}},"9":{"start":{"line":30,"column":37},"end":{"line":30,"column":68}},"10":{"start":{"line":30,"column":13},"end":{"line":30,"column":31}},"11":{"start":{"line":32,"column":34},"end":{"line":32,"column":74}},"12":{"start":{"line":32,"column":40},"end":{"line":32,"column":74}},"13":{"start":{"line":32,"column":13},"end":{"line":32,"column":34}}},"fnMap":{"0":{"name":"(anonymous_6)","decl":{"start":{"line":14,"column":66},"end":{"line":14,"column":67}},"loc":{"start":{"line":16,"column":5},"end":{"line":28,"column":1}}},"1":{"name":"(anonymous_7)","decl":{"start":{"line":30,"column":31},"end":{"line":30,"column":34}},"loc":{"start":{"line":30,"column":37},"end":{"line":30,"column":68}}},"2":{"name":"(anonymous_8)","decl":{"start":{"line":32,"column":34},"end":{"line":32,"column":37}},"loc":{"start":{"line":32,"column":40},"end":{"line":32,"column":74}}}},"branchMap":{},"s":{"0":0,"1":0,"2":0,"3":0,"4":0,"5":0,"6":0,"7":0,"8":0,"9":0,"10":0,"11":0,"12":0,"13":0},"f":{"0":0,"1":0,"2":0},"b":{}}
,"C:\\Users\\nalim\\OneDrive\\Desktop\\Wd301-SportBuzz\\src\\context\\matches\\reducer.ts": {"path":"C:\\Users\\nalim\\OneDrive\\Desktop\\Wd301-SportBuzz\\src\\context\\matches\\reducer.ts","statementMap":{"0":{"start":{"line":12,"column":13},"end":{"line":17,"column":2}},"1":{"start":{"line":30,"column":23},"end":{"line":57,"column":1}},"2":{"start":{"line":34,"column":2},"end":{"line":56,"column":3}},"3":{"start":{"line":36,"column":6},"end":{"line":39,"column":8}},"4":{"start":{"line":41,"column":6},"end":{"line":45,"column":8}},"5":{"start":{"line":47,"column":6},"end":{"line":52,"column":8}},"6":{"start":{"line":55,"column":6},"end":{"line":55,"column":19}},"7":{"start":{"line":30,"column":13},"end":{"line":30,"column":23}}},"fnMap":{"0":{"name":"(anonymous_0)","decl":{"start":{"line":30,"column":23},"end":{"line":30,"column":null}},"loc":{"start":{"line":33,"column":18},"end":{"line":57,"column":1}}}},"branchMap":{"0":{"loc":{"start":{"line":31,"column":2},"end":{"line":31,"column":36}},"type":"default-arg","locations":[{"start":{"line":31,"column":24},"end":{"line":31,"column":36}}]},"1":{"loc":{"start":{"line":34,"column":2},"end":{"line":56,"column":3}},"type":"switch","locations":[{"start":{"line":35,"column":4},"end":{"line":39,"column":8}},{"start":{"line":40,"column":4},"end":{"line":45,"column":8}},{"start":{"line":46,"column":4},"end":{"line":52,"column":8}},{"start":{"line":54,"column":4},"end":{"line":55,"column":19}}]}},"s":{"0":0,"1":0,"2":0,"3":0,"4":0,"5":0,"6":0,"7":0},"f":{"0":0},"b":{"0":[0],"1":[0,0,0,0]}}
,"C:\\Users\\nalim\\OneDrive\\Desktop\\Wd301-SportBuzz\\src\\context\\sports\\actions.ts": {"path":"C:\\Users\\nalim\\OneDrive\\Desktop\\Wd301-SportBuzz\\src\\context\\sports\\actions.ts","statementMap":{"0":{"start":{"line":2,"column":0},"end":{"line":2,"column":54}},"1":{"start":{"line":3,"column":27},"end":{"line":24,"column":1}},"2":{"start":{"line":4,"column":16},"end":{"line":4,"column":55}},"3":{"start":{"line":6,"column":2},"end":{"line":23,"column":3}},"4":{"start":{"line":7,"column":4},"end":{"line":7,"column":47}},"5":{"start":{"line":8,"column":21},"end":{"line":13,"column":6}},"6":{"start":{"line":14,"column":17},"end":{"line":14,"column":38}},"7":{"start":{"line":16,"column":4},"end":{"line":16,"column":69}},"8":{"start":{"line":18,"column":4},"end":{"line":18,"column":49}},"9":{"start":{"line":19,"column":4},"end":{"line":22,"column":7}},"10":{"start":{"line":3,"column":13},"end":{"line":3,"column":27}}},"fnMap":{"0":{"name":"(anonymous_0)","decl":{"start":{"line":3,"column":27},"end":{"line":3,"column":32}},"loc":{"start":{"line":3,"column":51},"end":{"line":24,"column":1}}}},"branchMap":{"0":{"loc":{"start":{"line":4,"column":16},"end":{"line":4,"column":55}},"type":"binary-expr","locations":[{"start":{"line":4,"column":16},"end":{"line":4,"column":49}},{"start":{"line":4,"column":53},"end":{"line":4,"column":55}}]}},"s":{"0":1,"1":1,"2":2,"3":2,"4":2,"5":2,"6":1,"7":1,"8":1,"9":1,"10":1},"f":{"0":2},"b":{"0":[2,2]}}
,"C:\\Users\\nalim\\OneDrive\\Desktop\\Wd301-SportBuzz\\src\\context\\sports\\context.tsx": {"path":"C:\\Users\\nalim\\OneDrive\\Desktop\\Wd301-SportBuzz\\src\\context\\sports\\context.tsx","statementMap":{"0":{"start":{"line":3,"column":0},"end":{"line":3,"column":69}},"1":{"start":{"line":4,"column":0},"end":{"line":4,"column":78}},"2":{"start":{"line":5,"column":27},"end":{"line":5,"column":76}},"3":{"start":{"line":9,"column":30},"end":{"line":10,"column":null}},"4":{"start":{"line":12,"column":65},"end":{"line":24,"column":1}},"5":{"start":{"line":15,"column":28},"end":{"line":15,"column":61}},"6":{"start":{"line":17,"column":2},"end":{"line":23,"column":4}},"7":{"start":{"line":12,"column":13},"end":{"line":12,"column":65}},"8":{"start":{"line":26,"column":30},"end":{"line":26,"column":66}},"9":{"start":{"line":26,"column":36},"end":{"line":26,"column":66}},"10":{"start":{"line":26,"column":13},"end":{"line":26,"column":30}},"11":{"start":{"line":28,"column":33},"end":{"line":28,"column":72}},"12":{"start":{"line":28,"column":39},"end":{"line":28,"column":72}},"13":{"start":{"line":28,"column":13},"end":{"line":28,"column":33}}},"fnMap":{"0":{"name":"(anonymous_6)","decl":{"start":{"line":12,"column":65},"end":{"line":12,"column":66}},"loc":{"start":{"line":14,"column":5},"end":{"line":24,"column":1}}},"1":{"name":"(anonymous_7)","decl":{"start":{"line":26,"column":30},"end":{"line":26,"column":33}},"loc":{"start":{"line":26,"column":36},"end":{"line":26,"column":66}}},"2":{"name":"(anonymous_8)","decl":{"start":{"line":28,"column":33},"end":{"line":28,"column":36}},"loc":{"start":{"line":28,"column":39},"end":{"line":28,"column":72}}}},"branchMap":{},"s":{"0":0,"1":0,"2":0,"3":0,"4":0,"5":0,"6":0,"7":0,"8":0,"9":0,"10":0,"11":0,"12":0,"13":0},"f":{"0":0,"1":0,"2":0},"b":{}}
,"C:\\Users\\nalim\\OneDrive\\Desktop\\Wd301-SportBuzz\\src\\context\\sports\\reducer.ts": {"path":"C:\\Users\\nalim\\OneDrive\\Desktop\\Wd301-SportBuzz\\src\\context\\sports\\reducer.ts","statementMap":{"0":{"start":{"line":7,"column":13},"end":{"line":12,"column":2}},"1":{"start":{"line":25,"column":23},"end":{"line":52,"column":1}},"2":{"start":{"line":29,"column":2},"end":{"line":51,"column":3}},"3":{"start":{"line":31,"column":6},"end":{"line":34,"column":8}},"4":{"start":{"line":36,"column":6},"end":{"line":40,"column":8}},"5":{"start":{"line":42,"column":6},"end":{"line":47,"column":8}},"6":{"start":{"line":50,"column":6},"end":{"line":50,"column":19}},"7":{"start":{"line":25,"column":13},"end":{"line":25,"column":23}}},"fnMap":{"0":{"name":"(anonymous_0)","decl":{"start":{"line":25,"column":23},"end":{"line":25,"column":null}},"loc":{"start":{"line":28,"column":17},"end":{"line":52,"column":1}}}},"branchMap":{"0":{"loc":{"start":{"line":26,"column":2},"end":{"line":26,"column":35}},"type":"default-arg","locations":[{"start":{"line":26,"column":23},"end":{"line":26,"column":35}}]},"1":{"loc":{"start":{"line":29,"column":2},"end":{"line":51,"column":3}},"type":"switch","locations":[{"start":{"line":30,"column":4},"end":{"line":34,"column":8}},{"start":{"line":35,"column":4},"end":{"line":40,"column":8}},{"start":{"line":41,"column":4},"end":{"line":47,"column":8}},{"start":{"line":49,"column":4},"end":{"line":50,"column":19}}]}},"s":{"0":0,"1":0,"2":0,"3":0,"4":0,"5":0,"6":0,"7":0},"f":{"0":0},"b":{"0":[0],"1":[0,0,0,0]}}
,"C:\\Users\\nalim\\OneDrive\\Desktop\\Wd301-SportBuzz\\src\\context\\teams\\actions.ts": {"path":"C:\\Users\\nalim\\OneDrive\\Desktop\\Wd301-SportBuzz\\src\\context\\teams\\actions.ts","statementMap":{"0":{"start":{"line":2,"column":0},"end":{"line":2,"column":54}},"1":{"start":{"line":4,"column":26},"end":{"line":25,"column":1}},"2":{"start":{"line":5,"column":16},"end":{"line":5,"column":55}},"3":{"start":{"line":7,"column":2},"end":{"line":24,"column":3}},"4":{"start":{"line":8,"column":4},"end":{"line":8,"column":46}},"5":{"start":{"line":9,"column":21},"end":{"line":14,"column":6}},"6":{"start":{"line":15,"column":17},"end":{"line":15,"column":38}},"7":{"start":{"line":17,"column":4},"end":{"line":17,"column":61}},"8":{"start":{"line":19,"column":4},"end":{"line":19,"column":48}},"9":{"start":{"line":20,"column":4},"end":{"line":23,"column":7}},"10":{"start":{"line":4,"column":13},"end":{"line":4,"column":26}}},"fnMap":{"0":{"name":"(anonymous_0)","decl":{"start":{"line":4,"column":26},"end":{"line":4,"column":31}},"loc":{"start":{"line":4,"column":50},"end":{"line":25,"column":1}}}},"branchMap":{"0":{"loc":{"start":{"line":5,"column":16},"end":{"line":5,"column":55}},"type":"binary-expr","locations":[{"start":{"line":5,"column":16},"end":{"line":5,"column":49}},{"start":{"line":5,"column":53},"end":{"line":5,"column":55}}]}},"s":{"0":1,"1":1,"2":2,"3":2,"4":2,"5":2,"6":1,"7":1,"8":1,"9":1,"10":1},"f":{"0":2},"b":{"0":[2,2]}}
,"C:\\Users\\nalim\\OneDrive\\Desktop\\Wd301-SportBuzz\\src\\context\\teams\\context.tsx": {"path":"C:\\Users\\nalim\\OneDrive\\Desktop\\Wd301-SportBuzz\\src\\context\\teams\\context.tsx","statementMap":{"0":{"start":{"line":3,"column":0},"end":{"line":3,"column":69}},"1":{"start":{"line":4,"column":0},"end":{"line":4,"column":76}},"2":{"start":{"line":6,"column":26},"end":{"line":6,"column":74}},"3":{"start":{"line":10,"column":29},"end":{"line":11,"column":null}},"4":{"start":{"line":14,"column":64},"end":{"line":26,"column":1}},"5":{"start":{"line":17,"column":28},"end":{"line":17,"column":61}},"6":{"start":{"line":19,"column":2},"end":{"line":25,"column":4}},"7":{"start":{"line":14,"column":13},"end":{"line":14,"column":64}},"8":{"start":{"line":28,"column":29},"end":{"line":28,"column":64}},"9":{"start":{"line":28,"column":35},"end":{"line":28,"column":64}},"10":{"start":{"line":28,"column":13},"end":{"line":28,"column":29}},"11":{"start":{"line":30,"column":32},"end":{"line":30,"column":70}},"12":{"start":{"line":30,"column":38},"end":{"line":30,"column":70}},"13":{"start":{"line":30,"column":13},"end":{"line":30,"column":32}}},"fnMap":{"0":{"name":"(anonymous_6)","decl":{"start":{"line":14,"column":64},"end":{"line":14,"column":65}},"loc":{"start":{"line":16,"column":5},"end":{"line":26,"column":1}}},"1":{"name":"(anonymous_7)","decl":{"start":{"line":28,"column":29},"end":{"line":28,"column":32}},"loc":{"start":{"line":28,"column":35},"end":{"line":28,"column":64}}},"2":{"name":"(anonymous_8)","decl":{"start":{"line":30,"column":32},"end":{"line":30,"column":35}},"loc":{"start":{"line":30,"column":38},"end":{"line":30,"column":70}}}},"branchMap":{},"s":{"0":0,"1":0,"2":0,"3":0,"4":0,"5":0,"6":0,"7":0,"8":0,"9":0,"10":0,"11":0,"12":0,"13":0},"f":{"0":0,"1":0,"2":0},"b":{}}
,"C:\\Users\\nalim\\OneDrive\\Desktop\\Wd301-SportBuzz\\src\\context\\teams\\reducer.ts": {"path":"C:\\Users\\nalim\\OneDrive\\Desktop\\Wd301-SportBuzz\\src\\context\\teams\\reducer.ts","statementMap":{"0":{"start":{"line":10,"column":13},"end":{"line":15,"column":2}},"1":{"start":{"line":29,"column":23},"end":{"line":56,"column":1}},"2":{"start":{"line":33,"column":2},"end":{"line":55,"column":3}},"3":{"start":{"line":35,"column":6},"end":{"line":38,"column":8}},"4":{"start":{"line":40,"column":6},"end":{"line":44,"column":8}},"5":{"start":{"line":46,"column":6},"end":{"line":51,"column":8}},"6":{"start":{"line":54,"column":6},"end":{"line":54,"column":19}},"7":{"start":{"line":29,"column":13},"end":{"line":29,"column":23}}},"fnMap":{"0":{"name":"(anonymous_0)","decl":{"start":{"line":29,"column":23},"end":{"line":29,"column":null}},"loc":{"start":{"line":32,"column":16},"end":{"line":56,"column":1}}}},"branchMap":{"0":{"loc":{"start":{"line":30,"column":2},"end":{"line":30,"column":34}},"type":"default-arg","locations":[{"start":{"line":30,"column":22},"end":{"line":30,"column":34}}]},"1":{"loc":{"start":{"line":33,"column":2},"end":{"line":55,"column":3}},"type":"switch","locations":[{"start":{"line":34,"column":4},"end":{"line":38,"column":8}},{"start":{"line":39,"column":4},"end":{"line":44,"column":8}},{"start":{"line":45,"column":4},"end":{"line":51,"column":8}},{"start":{"line":53,"column":4},"end":{"line":54,"column":19}}]}},"s":{"0":0,"1":0,"2":0,"3":0,"4":0,"5":0,"6":0,"7":0},"f":{"0":0},"b":{"0":[0],"1":[0,0,0,0]}}
,"C:\\Users\\nalim\\OneDrive\\Desktop\\Wd301-SportBuzz\\src\\decorators\\handleSubmit.ts": {"path":"C:\\Users\\nalim\\OneDrive\\Desktop\\Wd301-SportBuzz\\src\\decorators\\handleSubmit.ts","statementMap":{"0":{"start":{"line":3,"column":0},"end":{"line":3,"column":16}},"1":{"start":{"line":4,"column":2},"end":{"line":7,"column":4}},"2":{"start":{"line":5,"column":4},"end":{"line":5,"column":69}},"3":{"start":{"line":6,"column":4},"end":{"line":6,"column":20}}},"fnMap":{"0":{"name":"withHandleSubmit","decl":{"start":{"line":3,"column":16},"end":{"line":3,"column":32}},"loc":{"start":{"line":3,"column":66},"end":{"line":8,"column":1}}},"1":{"name":"(anonymous_1)","decl":{"start":{"line":4,"column":9},"end":{"line":4,"column":19}},"loc":{"start":{"line":4,"column":31},"end":{"line":7,"column":3}}}},"branchMap":{},"s":{"0":0,"1":0,"2":0,"3":0},"f":{"0":0,"1":0},"b":{}}
,"C:\\Users\\nalim\\OneDrive\\Desktop\\Wd301-SportBuzz\\src\\decorators\\log.ts": {"path":"C:\\Users\\nalim\\OneDrive\\Desktop\\Wd301-SportBuzz\\src\\decorators\\log.ts","statementMap":{"0":{"start":{"line":1,"column":0},"end":{"line":1,"column":16}},"1":{"start":{"line":2,"column":2},"end":{"line":7,"column":4}},"2":{"start":{"line":3,"column":4},"end":{"line":3,"column":75}},"3":{"start":{"line":4,"column":19},"end":{"line":4,"column":30}},"4":{"start":{"line":5,"column":4},"end":{"line":5,"column":64}},"5":{"start":{"line":6,"column":4},"end":{"line":6,"column":18}}},"fnMap":{"0":{"name":"withLog","decl":{"start":{"line":1,"column":16},"end":{"line":1,"column":23}},"loc":{"start":{"line":1,"column":36},"end":{"line":8,"column":1}}},"1":{"name":"(anonymous_1)","decl":{"start":{"line":2,"column":9},"end":{"line":2,"column":19}},"loc":{"start":{"line":2,"column":33},"end":{"line":7,"column":3}}}},"branchMap":{},"s":{"0":0,"1":0,"2":0,"3":0,"4":0,"5":0},"f":{"0":0,"1":0},"b":{}}
,"C:\\Users\\nalim\\OneDrive\\Desktop\\Wd301-SportBuzz\\src\\layout\\account\\Appbar.tsx": {"path":"C:\\Users\\nalim\\OneDrive\\Desktop\\Wd301-SportBuzz\\src\\layout\\account\\Appbar.tsx","statementMap":{"0":{"start":{"line":1,"column":0},"end":{"line":1,"column":73}},"1":{"start":{"line":2,"column":0},"end":{"line":2,"column":61}},"2":{"start":{"line":3,"column":0},"end":{"line":3,"column":73}},"3":{"start":{"line":4,"column":0},"end":{"line":4,"column":47}},"4":{"start":{"line":5,"column":0},"end":{"line":5,"column":48}},"5":{"start":{"line":6,"column":0},"end":{"line":6,"column":51}},"6":{"start":{"line":8,"column":23},"end":{"line":11,"column":2}},"7":{"start":{"line":13,"column":19},"end":{"line":14,"column":35}},"8":{"start":{"line":14,"column":2},"end":{"line":14,"column":35}},"9":{"start":{"line":16,"column":15},"end":{"line":173,"column":1}},"10":{"start":{"line":17,"column":23},"end":{"line":17,"column":36}},"11":{"start":{"line":18,"column":30},"end":{"line":18,"column":54}},"12":{"start":{"line":19,"column":32},"end":{"line":19,"column":58}},"13":{"start":{"line":21,"column":22},"end":{"line":30,"column":3}},"14":{"start":{"line":22,"column":19},"end":{"line":22,"column":21}},"15":{"start":{"line":23,"column":4},"end":{"line":27,"column":5}},"16":{"start":{"line":24,"column":6},"end":{"line":24,"column":24}},"17":{"start":{"line":26,"column":6},"end":{"line":26,"column":25}},"18":{"start":{"line":28,"column":4},"end":{"line":28,"column":25}},"19":{"start":{"line":29,"column":4},"end":{"line":29,"column":23}},"20":{"start":{"line":32,"column":2},"end":{"line":172,"column":4}},"21":{"start":{"line":36,"column":10},"end":{"line":167,"column":null}},"22":{"start":{"line":78,"column":26},"end":{"line":89,"column":null}},"23":{"start":{"line":80,"column":30},"end":{"line":87,"column":null}},"24":{"start":{"line":140,"column":18},"end":{"line":146,"column":null}},"25":{"start":{"line":175,"column":0},"end":{"line":175,"column":22}}},"fnMap":{"0":{"name":"(anonymous_7)","decl":{"start":{"line":13,"column":19},"end":{"line":13,"column":20}},"loc":{"start":{"line":14,"column":2},"end":{"line":14,"column":35}}},"1":{"name":"(anonymous_8)","decl":{"start":{"line":16,"column":15},"end":{"line":16,"column":18}},"loc":{"start":{"line":16,"column":20},"end":{"line":173,"column":1}}},"2":{"name":"(anonymous_9)","decl":{"start":{"line":21,"column":22},"end":{"line":21,"column":25}},"loc":{"start":{"line":21,"column":27},"end":{"line":30,"column":3}}},"3":{"name":"(anonymous_10)","decl":{"start":{"line":35,"column":9},"end":{"line":35,"column":10}},"loc":{"start":{"line":36,"column":10},"end":{"line":167,"column":null}}},"4":{"name":"(anonymous_11)","decl":{"start":{"line":77,"column":44},"end":{"line":77,"column":45}},"loc":{"start":{"line":78,"column":26},"end":{"line":89,"column":null}}},"5":{"name":"(anonymous_12)","decl":{"start":{"line":79,"column":29},"end":{"line":79,"column":30}},"loc":{"start":{"line":80,"column":30},"end":{"line":87,"column":null}}},"6":{"name":"(anonymous_13)","decl":{"start":{"line":139,"column":36},"end":{"line":139,"column":37}},"loc":{"start":{"line":140,"column":18},"end":{"line":146,"column":null}}}},"branchMap":{"0":{"loc":{"start":{"line":23,"column":4},"end":{"line":27,"column":5}},"type":"if","locations":[{"start":{"line":23,"column":4},"end":{"line":27,"column":5}},{"start":{"line":25,"column":11},"end":{"line":27,"column":5}}]},"1":{"loc":{"start":{"line":49,"column":34},"end":{"line":49,"column":75}},"type":"cond-expr","locations":[{"start":{"line":49,"column":44},"end":{"line":49,"column":58}},{"start":{"line":49,"column":61},"end":{"line":49,"column":75}}]},"2":{"loc":{"start":{"line":54,"column":36},"end":{"line":54,"column":79}},"type":"cond-expr","locations":[{"start":{"line":54,"column":46},"end":{"line":54,"column":61}},{"start":{"line":54,"column":64},"end":{"line":54,"column":79}}]},"3":{"loc":{"start":{"line":83,"column":34},"end":{"line":83,"column":61}},"type":"cond-expr","locations":[{"start":{"line":83,"column":43},"end":{"line":83,"column":56}},{"start":{"line":83,"column":59},"end":{"line":83,"column":61}}]},"4":{"loc":{"start":{"line":99,"column":21},"end":{"line":130,"column":null}},"type":"cond-expr","locations":[{"start":{"line":100,"column":22},"end":{"line":113,"column":null}},{"start":{"line":116,"column":22},"end":{"line":129,"column":null}}]},"5":{"loc":{"start":{"line":156,"column":34},"end":{"line":156,"column":75}},"type":"cond-expr","locations":[{"start":{"line":156,"column":44},"end":{"line":156,"column":58}},{"start":{"line":156,"column":61},"end":{"line":156,"column":75}}]},"6":{"loc":{"start":{"line":161,"column":36},"end":{"line":161,"column":79}},"type":"cond-expr","locations":[{"start":{"line":161,"column":46},"end":{"line":161,"column":61}},{"start":{"line":161,"column":64},"end":{"line":161,"column":79}}]}},"s":{"0":0,"1":0,"2":0,"3":0,"4":0,"5":0,"6":0,"7":0,"8":0,"9":0,"10":0,"11":0,"12":0,"13":0,"14":0,"15":0,"16":0,"17":0,"18":0,"19":0,"20":0,"21":0,"22":0,"23":0,"24":0,"25":0},"f":{"0":0,"1":0,"2":0,"3":0,"4":0,"5":0,"6":0},"b":{"0":[0,0],"1":[0,0],"2":[0,0],"3":[0,0],"4":[0,0],"5":[0,0],"6":[0,0]}}
,"C:\\Users\\nalim\\OneDrive\\Desktop\\Wd301-SportBuzz\\src\\layout\\account\\index.tsx": {"path":"C:\\Users\\nalim\\OneDrive\\Desktop\\Wd301-SportBuzz\\src\\layout\\account\\index.tsx","statementMap":{"0":{"start":{"line":1,"column":0},"end":{"line":1,"column":26}},"1":{"start":{"line":2,"column":0},"end":{"line":2,"column":42}},"2":{"start":{"line":3,"column":0},"end":{"line":3,"column":30}},"3":{"start":{"line":5,"column":22},"end":{"line":16,"column":1}},"4":{"start":{"line":6,"column":2},"end":{"line":15,"column":4}},"5":{"start":{"line":18,"column":0},"end":{"line":18,"column":29}}},"fnMap":{"0":{"name":"(anonymous_1)","decl":{"start":{"line":5,"column":22},"end":{"line":5,"column":25}},"loc":{"start":{"line":5,"column":27},"end":{"line":16,"column":1}}}},"branchMap":{},"s":{"0":0,"1":0,"2":0,"3":0,"4":0,"5":0},"f":{"0":0},"b":{}}
,"C:\\Users\\nalim\\OneDrive\\Desktop\\Wd301-SportBuzz\\src\\layout\\home\\Appbar.tsx": {"path":"C:\\Users\\nalim\\OneDrive\\Desktop\\Wd301-SportBuzz\\src\\layout\\home\\Appbar.tsx","statementMap":{"0":{"start":{"line":1,"column":0},"end":{"line":1,"column":73}},"1":{"start":{"line":2,"column":0},"end":{"line":2,"column":59}},"2":{"start":{"line":3,"column":0},"end":{"line":3,"column":62}},"3":{"start":{"line":4,"column":0},"end":{"line":4,"column":47}},"4":{"start":{"line":5,"column":0},"end":{"line":5,"column":48}},"5":{"start":{"line":6,"column":0},"end":{"line":6,"column":51}},"6":{"start":{"line":8,"column":23},"end":{"line":11,"column":2}},"7":{"start":{"line":13,"column":19},"end":{"line":14,"column":35}},"8":{"start":{"line":14,"column":2},"end":{"line":14,"column":35}},"9":{"start":{"line":16,"column":15},"end":{"line":173,"column":1}},"10":{"start":{"line":17,"column":23},"end":{"line":17,"column":36}},"11":{"start":{"line":18,"column":30},"end":{"line":18,"column":54}},"12":{"start":{"line":19,"column":32},"end":{"line":19,"column":58}},"13":{"start":{"line":20,"column":22},"end":{"line":29,"column":3}},"14":{"start":{"line":21,"column":19},"end":{"line":21,"column":21}},"15":{"start":{"line":22,"column":4},"end":{"line":26,"column":5}},"16":{"start":{"line":23,"column":6},"end":{"line":23,"column":24}},"17":{"start":{"line":25,"column":6},"end":{"line":25,"column":25}},"18":{"start":{"line":27,"column":4},"end":{"line":27,"column":25}},"19":{"start":{"line":28,"column":4},"end":{"line":28,"column":23}},"20":{"start":{"line":31,"column":2},"end":{"line":172,"column":4}},"21":{"start":{"line":35,"column":10},"end":{"line":167,"column":null}},"22":{"start":{"line":76,"column":26},"end":{"line":87,"column":null}},"23":{"start":{"line":78,"column":30},"end":{"line":85,"column":null}},"24":{"start":{"line":138,"column":18},"end":{"line":144,"column":null}},"25":{"start":{"line":175,"column":0},"end":{"line":175,"column":22}}},"fnMap":{"0":{"name":"(anonymous_7)","decl":{"start":{"line":13,"column":19},"end":{"line":13,"column":20}},"loc":{"start":{"line":14,"column":2},"end":{"line":14,"column":35}}},"1":{"name":"(anonymous_8)","decl":{"start":{"line":16,"column":15},"end":{"line":16,"column":18}},"loc":{"start":{"line":16,"column":20},"end":{"line":173,"column":1}}},"2":{"name":"(anonymous_9)","decl":{"start":{"line":20,"column":22},"end":{"line":20,"column":25}},"loc":{"start":{"line":20,"column":27},"end":{"line":29,"column":3}}},"3":{"name":"(anonymous_10)","decl":{"start":{"line":34,"column":9},"end":{"line":34,"column":10}},"loc":{"start":{"line":35,"column":10},"end":{"line":167,"column":null}}},"4":{"name":"(anonymous_11)","decl":{"start":{"line":75,"column":44},"end":{"line":75,"column":45}},"loc":{"start":{"line":76,"column":26},"end":{"line":87,"column":null}}},"5":{"name":"(anonymous_12)","decl":{"start":{"line":77,"column":29},"end":{"line":77,"column":30}},"loc":{"start":{"line":78,"column":30},"end":{"line":85,"column":null}}},"6":{"name":"(anonymous_13)","decl":{"start":{"line":137,"column":36},"end":{"line":137,"column":37}},"loc":{"start":{"line":138,"column":18},"end":{"line":144,"column":null}}}},"branchMap":{"0":{"loc":{"start":{"line":22,"column":4},"end":{"line":26,"column":5}},"type":"if","locations":[{"start":{"line":22,"column":4},"end":{"line":26,"column":5}},{"start":{"line":24,"column":11},"end":{"line":26,"column":5}}]},"1":{"loc":{"start":{"line":49,"column":22},"end":{"line":49,"column":null}},"type":"cond-expr","locations":[{"start":{"line":49,"column":32},"end":{"line":49,"column":45}},{"start":{"line":49,"column":48},"end":{"line":49,"column":null}}]},"2":{"loc":{"start":{"line":55,"column":24},"end":{"line":55,"column":null}},"type":"cond-expr","locations":[{"start":{"line":55,"column":34},"end":{"line":55,"column":49}},{"start":{"line":55,"column":52},"end":{"line":55,"column":null}}]},"3":{"loc":{"start":{"line":81,"column":34},"end":{"line":81,"column":61}},"type":"cond-expr","locations":[{"start":{"line":81,"column":43},"end":{"line":81,"column":56}},{"start":{"line":81,"column":59},"end":{"line":81,"column":61}}]},"4":{"loc":{"start":{"line":97,"column":21},"end":{"line":128,"column":null}},"type":"cond-expr","locations":[{"start":{"line":98,"column":22},"end":{"line":111,"column":null}},{"start":{"line":114,"column":22},"end":{"line":127,"column":null}}]},"5":{"loc":{"start":{"line":155,"column":22},"end":{"line":155,"column":null}},"type":"cond-expr","locations":[{"start":{"line":155,"column":32},"end":{"line":155,"column":46}},{"start":{"line":155,"column":49},"end":{"line":155,"column":null}}]},"6":{"loc":{"start":{"line":161,"column":24},"end":{"line":161,"column":null}},"type":"cond-expr","locations":[{"start":{"line":161,"column":34},"end":{"line":161,"column":49}},{"start":{"line":161,"column":52},"end":{"line":161,"column":null}}]}},"s":{"0":0,"1":0,"2":0,"3":0,"4":0,"5":0,"6":0,"7":0,"8":0,"9":0,"10":0,"11":0,"12":0,"13":0,"14":0,"15":0,"16":0,"17":0,"18":0,"19":0,"20":0,"21":0,"22":0,"23":0,"24":0,"25":0},"f":{"0":0,"1":0,"2":0,"3":0,"4":0,"5":0,"6":0},"b":{"0":[0,0],"1":[0,0],"2":[0,0],"3":[0,0],"4":[0,0],"5":[0,0],"6":[0,0]}}
,"C:\\Users\\nalim\\OneDrive\\Desktop\\Wd301-SportBuzz\\src\\layout\\home\\index.tsx": {"path":"C:\\Users\\nalim\\OneDrive\\Desktop\\Wd301-SportBuzz\\src\\layout\\home\\index.tsx","statementMap":{"0":{"start":{"line":1,"column":0},"end":{"line":1,"column":42}},"1":{"start":{"line":2,"column":0},"end":{"line":2,"column":30}},"2":{"start":{"line":3,"column":0},"end":{"line":3,"column":26}},"3":{"start":{"line":5,"column":19},"end":{"line":17,"column":1}},"4":{"start":{"line":7,"column":2},"end":{"line":16,"column":4}},"5":{"start":{"line":19,"column":0},"end":{"line":19,"column":26}}},"fnMap":{"0":{"name":"(anonymous_1)","decl":{"start":{"line":5,"column":19},"end":{"line":5,"column":22}},"loc":{"start":{"line":5,"column":24},"end":{"line":17,"column":1}}}},"branchMap":{},"s":{"0":0,"1":0,"2":0,"3":0,"4":0,"5":0},"f":{"0":0},"b":{}}
,"C:\\Users\\nalim\\OneDrive\\Desktop\\Wd301-SportBuzz\\src\\pages\\Example.tsx": {"path":"C:\\Users\\nalim\\OneDrive\\Desktop\\Wd301-SportBuzz\\src\\pages\\Example.tsx","statementMap":{"0":{"start":{"line":10,"column":0},"end":{"line":10,"column":24}},"1":{"start":{"line":1,"column":0},"end":{"line":1,"column":40}},"2":{"start":{"line":3,"column":0},"end":{"line":3,"column":null}},"3":{"start":{"line":11,"column":32},"end":{"line":11,"column":46}},"4":{"start":{"line":13,"column":2},"end":{"line":106,"column":4}}},"fnMap":{"0":{"name":"Example","decl":{"start":{"line":10,"column":24},"end":{"line":10,"column":31}},"loc":{"start":{"line":10,"column":31},"end":{"line":107,"column":1}}}},"branchMap":{},"s":{"0":0,"1":0,"2":0,"3":0,"4":0},"f":{"0":0},"b":{}}
,"C:\\Users\\nalim\\OneDrive\\Desktop\\Wd301-SportBuzz\\src\\pages\\Notfound.tsx": {"path":"C:\\Users\\nalim\\OneDrive\\Desktop\\Wd301-SportBuzz\\src\\pages\\Notfound.tsx","statementMap":{"0":{"start":{"line":3,"column":0},"end":{"line":3,"column":26}},"1":{"start":{"line":4,"column":0},"end":{"line":4,"column":40}},"2":{"start":{"line":6,"column":27},"end":{"line":18,"column":1}},"3":{"start":{"line":7,"column":2},"end":{"line":17,"column":4}},"4":{"start":{"line":20,"column":0},"end":{"line":20,"column":24}}},"fnMap":{"0":{"name":"(anonymous_1)","decl":{"start":{"line":6,"column":27},"end":{"line":6,"column":30}},"loc":{"start":{"line":6,"column":32},"end":{"line":18,"column":1}}}},"branchMap":{},"s":{"0":0,"1":0,"2":0,"3":0,"4":0},"f":{"0":0},"b":{}}
,"C:\\Users\\nalim\\OneDrive\\Desktop\\Wd301-SportBuzz\\src\\pages\\Articles\\ArticleDetails.tsx": {"path":"C:\\Users\\nalim\\OneDrive\\Desktop\\Wd301-SportBuzz\\src\\pages\\Articles\\ArticleDetails.tsx","statementMap":{"0":{"start":{"line":1,"column":0},"end":{"line":1,"column":26}},"1":{"start":{"line":2,"column":0},"end":{"line":2,"column":47}},"2":{"start":{"line":3,"column":0},"end":{"line":3,"column":64}},"3":{"start":{"line":5,"column":23},"end":{"line":72,"column":1}},"4":{"start":{"line":6,"column":19},"end":{"line":6,"column":32}},"5":{"start":{"line":8,"column":17},"end":{"line":15,"column":3}},"6":{"start":{"line":9,"column":18},"end":{"line":9,"column":57}},"7":{"start":{"line":10,"column":4},"end":{"line":14,"column":5}},"8":{"start":{"line":11,"column":6},"end":{"line":11,"column":27}},"9":{"start":{"line":13,"column":6},"end":{"line":13,"column":20}},"10":{"start":{"line":17,"column":16},"end":{"line":17,"column":33}},"11":{"start":{"line":18,"column":56},"end":{"line":18,"column":61}},"12":{"start":{"line":20,"column":2},"end":{"line":22,"column":3}},"13":{"start":{"line":21,"column":4},"end":{"line":21,"column":41}},"14":{"start":{"line":23,"column":2},"end":{"line":27,"column":3}},"15":{"start":{"line":24,"column":4},"end":{"line":26,"column":11}},"16":{"start":{"line":29,"column":2},"end":{"line":71,"column":4}},"17":{"start":{"line":54,"column":12},"end":{"line":58,"column":null}},"18":{"start":{"line":74,"column":0},"end":{"line":74,"column":30}}},"fnMap":{"0":{"name":"(anonymous_1)","decl":{"start":{"line":5,"column":23},"end":{"line":5,"column":26}},"loc":{"start":{"line":5,"column":28},"end":{"line":72,"column":1}}},"1":{"name":"(anonymous_2)","decl":{"start":{"line":8,"column":17},"end":{"line":8,"column":20}},"loc":{"start":{"line":8,"column":22},"end":{"line":15,"column":3}}},"2":{"name":"(anonymous_3)","decl":{"start":{"line":53,"column":29},"end":{"line":53,"column":30}},"loc":{"start":{"line":54,"column":12},"end":{"line":58,"column":null}}}},"branchMap":{"0":{"loc":{"start":{"line":9,"column":18},"end":{"line":9,"column":57}},"type":"binary-expr","locations":[{"start":{"line":9,"column":18},"end":{"line":9,"column":51}},{"start":{"line":9,"column":55},"end":{"line":9,"column":57}}]},"1":{"loc":{"start":{"line":10,"column":4},"end":{"line":14,"column":5}},"type":"if","locations":[{"start":{"line":10,"column":4},"end":{"line":14,"column":5}},{"start":{"line":12,"column":11},"end":{"line":14,"column":5}}]},"2":{"loc":{"start":{"line":20,"column":2},"end":{"line":22,"column":3}},"type":"if","locations":[{"start":{"line":20,"column":2},"end":{"line":22,"column":3}}]},"3":{"loc":{"start":{"line":23,"column":2},"end":{"line":27,"column":3}},"type":"if","locations":[{"start":{"line":23,"column":2},"end":{"line":27,"column":3}}]}},"s":{"0":0,"1":0,"2":0,"3":0,"4":0,"5":0,"6":0,"7":0,"8":0,"9":0,"10":0,"11":0,"12":0,"13":0,"14":0,"15":0,"16":0,"17":0,"18":0},"f":{"0":0,"1":0,"2":0},"b":{"0":[0,0],"1":[0,0],"2":[0],"3":[0]}}
,"C:\\Users\\nalim\\OneDrive\\Desktop\\Wd301-SportBuzz\\src\\pages\\Articles\\index.tsx": {"path":"C:\\Users\\nalim\\OneDrive\\Desktop\\Wd301-SportBuzz\\src\\pages\\Articles\\index.tsx","statementMap":{"0":{"start":{"line":1,"column":0},"end":{"line":1,"column":41}},"1":{"start":{"line":2,"column":0},"end":{"line":2,"column":45}},"2":{"start":{"line":3,"column":0},"end":{"line":3,"column":65}},"3":{"start":{"line":4,"column":0},"end":{"line":4,"column":67}},"4":{"start":{"line":5,"column":0},"end":{"line":5,"column":46}},"5":{"start":{"line":7,"column":16},"end":{"line":20,"column":1}},"6":{"start":{"line":8,"column":26},"end":{"line":8,"column":46}},"7":{"start":{"line":9,"column":18},"end":{"line":9,"column":29}},"8":{"start":{"line":10,"column":20},"end":{"line":10,"column":47}},"9":{"start":{"line":12,"column":2},"end":{"line":14,"column":24}},"10":{"start":{"line":13,"column":4},"end":{"line":13,"column":49}},"11":{"start":{"line":15,"column":2},"end":{"line":19,"column":4}},"12":{"start":{"line":22,"column":0},"end":{"line":22,"column":23}}},"fnMap":{"0":{"name":"(anonymous_7)","decl":{"start":{"line":7,"column":16},"end":{"line":7,"column":19}},"loc":{"start":{"line":7,"column":21},"end":{"line":20,"column":1}}},"1":{"name":"(anonymous_8)","decl":{"start":{"line":12,"column":12},"end":{"line":12,"column":15}},"loc":{"start":{"line":12,"column":17},"end":{"line":14,"column":3}}}},"branchMap":{},"s":{"0":0,"1":0,"2":0,"3":0,"4":0,"5":0,"6":0,"7":0,"8":0,"9":0,"10":0,"11":0,"12":0},"f":{"0":0,"1":0},"b":{}}
,"C:\\Users\\nalim\\OneDrive\\Desktop\\Wd301-SportBuzz\\src\\pages\\account\\Acontainer.tsx": {"path":"C:\\Users\\nalim\\OneDrive\\Desktop\\Wd301-SportBuzz\\src\\pages\\account\\Acontainer.tsx","statementMap":{"0":{"start":{"line":1,"column":0},"end":{"line":1,"column":41}},"1":{"start":{"line":2,"column":0},"end":{"line":2,"column":42}},"2":{"start":{"line":3,"column":0},"end":{"line":3,"column":63}},"3":{"start":{"line":4,"column":0},"end":{"line":4,"column":69}},"4":{"start":{"line":5,"column":0},"end":{"line":5,"column":61}},"5":{"start":{"line":6,"column":0},"end":{"line":6,"column":67}},"6":{"start":{"line":7,"column":0},"end":{"line":7,"column":59}},"7":{"start":{"line":8,"column":0},"end":{"line":8,"column":65}},"8":{"start":{"line":9,"column":0},"end":{"line":9,"column":57}},"9":{"start":{"line":10,"column":0},"end":{"line":10,"column":63}},"10":{"start":{"line":12,"column":19},"end":{"line":25,"column":1}},"11":{"start":{"line":13,"column":26},"end":{"line":13,"column":46}},"12":{"start":{"line":14,"column":27},"end":{"line":14,"column":48}},"13":{"start":{"line":15,"column":25},"end":{"line":15,"column":44}},"14":{"start":{"line":16,"column":24},"end":{"line":16,"column":42}},"15":{"start":{"line":18,"column":2},"end":{"line":23,"column":73}},"16":{"start":{"line":19,"column":4},"end":{"line":19,"column":34}},"17":{"start":{"line":20,"column":4},"end":{"line":20,"column":36}},"18":{"start":{"line":21,"column":4},"end":{"line":21,"column":32}},"19":{"start":{"line":22,"column":4},"end":{"line":22,"column":30}},"20":{"start":{"line":24,"column":2},"end":{"line":24,"column":20}},"21":{"start":{"line":27,"column":0},"end":{"line":27,"column":26}}},"fnMap":{"0":{"name":"(anonymous_6)","decl":{"start":{"line":12,"column":19},"end":{"line":12,"column":22}},"loc":{"start":{"line":12,"column":24},"end":{"line":25,"column":1}}},"1":{"name":"(anonymous_7)","decl":{"start":{"line":18,"column":12},"end":{"line":18,"column":15}},"loc":{"start":{"line":18,"column":17},"end":{"line":23,"column":3}}}},"branchMap":{},"s":{"0":0,"1":0,"2":0,"3":0,"4":0,"5":0,"6":0,"7":0,"8":0,"9":0,"10":0,"11":0,"12":0,"13":0,"14":0,"15":0,"16":0,"17":0,"18":0,"19":0,"20":0,"21":0},"f":{"0":0,"1":0},"b":{}}
,"C:\\Users\\nalim\\OneDrive\\Desktop\\Wd301-SportBuzz\\src\\pages\\account\\index.tsx": {"path":"C:\\Users\\nalim\\OneDrive\\Desktop\\Wd301-SportBuzz\\src\\pages\\account\\index.tsx","statementMap":{"0":{"start":{"line":1,"column":0},"end":{"line":1,"column":61}},"1":{"start":{"line":2,"column":0},"end":{"line":2,"column":59}},"2":{"start":{"line":3,"column":0},"end":{"line":3,"column":54}},"3":{"start":{"line":4,"column":24},"end":{"line":4,"column":78}},"4":{"start":{"line":4,"column":40},"end":{"line":4,"column":77}},"5":{"start":{"line":5,"column":19},"end":{"line":5,"column":67}},"6":{"start":{"line":5,"column":35},"end":{"line":5,"column":66}},"7":{"start":{"line":6,"column":20},"end":{"line":6,"column":73}},"8":{"start":{"line":6,"column":36},"end":{"line":6,"column":72}},"9":{"start":{"line":8,"column":16},"end":{"line":77,"column":1}},"10":{"start":{"line":9,"column":28},"end":{"line":9,"column":40}},"11":{"start":{"line":10,"column":26},"end":{"line":10,"column":38}},"12":{"start":{"line":11,"column":26},"end":{"line":32,"column":3}},"13":{"start":{"line":12,"column":18},"end":{"line":12,"column":57}},"14":{"start":{"line":13,"column":4},"end":{"line":31,"column":5}},"15":{"start":{"line":14,"column":23},"end":{"line":20,"column":8}},"16":{"start":{"line":21,"column":19},"end":{"line":21,"column":40}},"17":{"start":{"line":22,"column":26},"end":{"line":22,"column":42}},"18":{"start":{"line":23,"column":6},"end":{"line":28,"column":7}},"19":{"start":{"line":24,"column":8},"end":{"line":24,"column":38}},"20":{"start":{"line":25,"column":8},"end":{"line":25,"column":36}},"21":{"start":{"line":26,"column":8},"end":{"line":26,"column":62}},"22":{"start":{"line":27,"column":8},"end":{"line":27,"column":35}},"23":{"start":{"line":30,"column":6},"end":{"line":30,"column":56}},"24":{"start":{"line":33,"column":2},"end":{"line":35,"column":9}},"25":{"start":{"line":34,"column":4},"end":{"line":34,"column":22}},"26":{"start":{"line":36,"column":2},"end":{"line":76,"column":4}},"27":{"start":{"line":79,"column":0},"end":{"line":79,"column":23}}},"fnMap":{"0":{"name":"(anonymous_7)","decl":{"start":{"line":4,"column":35},"end":{"line":4,"column":38}},"loc":{"start":{"line":4,"column":40},"end":{"line":4,"column":77}}},"1":{"name":"(anonymous_8)","decl":{"start":{"line":4,"column":40},"end":{"line":4,"column":48}},"loc":{"start":{"line":4,"column":40},"end":{"line":4,"column":77}}},"2":{"name":"(anonymous_9)","decl":{"start":{"line":5,"column":30},"end":{"line":5,"column":33}},"loc":{"start":{"line":5,"column":35},"end":{"line":5,"column":66}}},"3":{"name":"(anonymous_10)","decl":{"start":{"line":5,"column":35},"end":{"line":5,"column":43}},"loc":{"start":{"line":5,"column":35},"end":{"line":5,"column":66}}},"4":{"name":"(anonymous_11)","decl":{"start":{"line":6,"column":31},"end":{"line":6,"column":34}},"loc":{"start":{"line":6,"column":36},"end":{"line":6,"column":72}}},"5":{"name":"(anonymous_12)","decl":{"start":{"line":6,"column":36},"end":{"line":6,"column":44}},"loc":{"start":{"line":6,"column":36},"end":{"line":6,"column":72}}},"6":{"name":"(anonymous_13)","decl":{"start":{"line":8,"column":16},"end":{"line":8,"column":19}},"loc":{"start":{"line":8,"column":21},"end":{"line":77,"column":1}}},"7":{"name":"(anonymous_14)","decl":{"start":{"line":11,"column":26},"end":{"line":11,"column":31}},"loc":{"start":{"line":11,"column":37},"end":{"line":32,"column":3}}},"8":{"name":"(anonymous_15)","decl":{"start":{"line":33,"column":12},"end":{"line":33,"column":15}},"loc":{"start":{"line":33,"column":17},"end":{"line":35,"column":3}}}},"branchMap":{"0":{"loc":{"start":{"line":12,"column":18},"end":{"line":12,"column":57}},"type":"binary-expr","locations":[{"start":{"line":12,"column":18},"end":{"line":12,"column":51}},{"start":{"line":12,"column":55},"end":{"line":12,"column":57}}]},"1":{"loc":{"start":{"line":23,"column":6},"end":{"line":28,"column":7}},"type":"if","locations":[{"start":{"line":23,"column":6},"end":{"line":28,"column":7}}]}},"s":{"0":0,"1":0,"2":0,"3":0,"4":0,"5":0,"6":0,"7":0,"8":0,"9":0,"10":0,"11":0,"12":0,"13":0,"14":0,"15":0,"16":0,"17":0,"18":0,"19":0,"20":0,"21":0,"22":0,"23":0,"24":0,"25":0,"26":0,"27":0},"f":{"0":0,"1":0,"2":0,"3":0,"4":0,"5":0,"6":0,"7":0,"8":0},"b":{"0":[0,0],"1":[0]}}
,"C:\\Users\\nalim\\OneDrive\\Desktop\\Wd301-SportBuzz\\src\\pages\\account\\Articles\\AccountArticles.tsx": {"path":"C:\\Users\\nalim\\OneDrive\\Desktop\\Wd301-SportBuzz\\src\\pages\\account\\Articles\\AccountArticles.tsx","statementMap":{"0":{"start":{"line":1,"column":0},"end":{"line":1,"column":26}},"1":{"start":{"line":2,"column":0},"end":{"line":2,"column":60}},"2":{"start":{"line":3,"column":0},"end":{"line":3,"column":52}},"3":{"start":{"line":4,"column":0},"end":{"line":4,"column":21}},"4":{"start":{"line":11,"column":50},"end":{"line":42,"column":1}},"5":{"start":{"line":12,"column":2},"end":{"line":41,"column":3}},"6":{"start":{"line":13,"column":19},"end":{"line":13,"column":39}},"7":{"start":{"line":14,"column":18},"end":{"line":14,"column":37}},"8":{"start":{"line":16,"column":4},"end":{"line":31,"column":5}},"9":{"start":{"line":17,"column":6},"end":{"line":24,"column":8}},"10":{"start":{"line":26,"column":6},"end":{"line":30,"column":8}},"11":{"start":{"line":33,"column":4},"end":{"line":40,"column":6}},"12":{"start":{"line":44,"column":0},"end":{"line":44,"column":31}}},"fnMap":{"0":{"name":"(anonymous_1)","decl":{"start":{"line":11,"column":50},"end":{"line":11,"column":51}},"loc":{"start":{"line":11,"column":74},"end":{"line":42,"column":1}}}},"branchMap":{"0":{"loc":{"start":{"line":12,"column":2},"end":{"line":41,"column":3}},"type":"if","locations":[{"start":{"line":12,"column":2},"end":{"line":41,"column":3}},{"start":{"line":32,"column":9},"end":{"line":41,"column":3}}]},"1":{"loc":{"start":{"line":12,"column":6},"end":{"line":12,"column":63}},"type":"binary-expr","locations":[{"start":{"line":12,"column":6},"end":{"line":12,"column":33}},{"start":{"line":12,"column":37},"end":{"line":12,"column":63}}]},"2":{"loc":{"start":{"line":16,"column":4},"end":{"line":31,"column":5}},"type":"if","locations":[{"start":{"line":16,"column":4},"end":{"line":31,"column":5}},{"start":{"line":25,"column":11},"end":{"line":31,"column":5}}]},"3":{"loc":{"start":{"line":16,"column":8},"end":{"line":16,"column":49}},"type":"binary-expr","locations":[{"start":{"line":16,"column":8},"end":{"line":16,"column":27}},{"start":{"line":16,"column":31},"end":{"line":16,"column":49}}]}},"s":{"0":0,"1":0,"2":0,"3":0,"4":0,"5":0,"6":0,"7":0,"8":0,"9":0,"10":0,"11":0,"12":0},"f":{"0":0},"b":{"0":[0,0],"1":[0,0],"2":[0,0],"3":[0,0]}}
,"C:\\Users\\nalim\\OneDrive\\Desktop\\Wd301-SportBuzz\\src\\pages\\account\\Articles\\ArticleListBySport.tsx": {"path":"C:\\Users\\nalim\\OneDrive\\Desktop\\Wd301-SportBuzz\\src\\pages\\account\\Articles\\ArticleListBySport.tsx","statementMap":{"0":{"start":{"line":1,"column":0},"end":{"line":1,"column":26}},"1":{"start":{"line":2,"column":0},"end":{"line":2,"column":40}},"2":{"start":{"line":3,"column":0},"end":{"line":3,"column":69}},"3":{"start":{"line":10,"column":62},"end":{"line":86,"column":1}},"4":{"start":{"line":13,"column":16},"end":{"line":13,"column":34}},"5":{"start":{"line":14,"column":57},"end":{"line":14,"column":62}},"6":{"start":{"line":15,"column":23},"end":{"line":15,"column":31}},"7":{"start":{"line":16,"column":27},"end":{"line":17,"column":null}},"8":{"start":{"line":17,"column":17},"end":{"line":17,"column":49}},"9":{"start":{"line":21,"column":2},"end":{"line":23,"column":3}},"10":{"start":{"line":22,"column":4},"end":{"line":22,"column":35}},"11":{"start":{"line":26,"column":2},"end":{"line":28,"column":3}},"12":{"start":{"line":27,"column":4},"end":{"line":27,"column":35}},"13":{"start":{"line":31,"column":2},"end":{"line":33,"column":3}},"14":{"start":{"line":32,"column":4},"end":{"line":32,"column":39}},"15":{"start":{"line":34,"column":2},"end":{"line":40,"column":3}},"16":{"start":{"line":35,"column":4},"end":{"line":39,"column":6}},"17":{"start":{"line":41,"column":2},"end":{"line":85,"column":4}},"18":{"start":{"line":47,"column":10},"end":{"line":81,"column":null}},"19":{"start":{"line":88,"column":0},"end":{"line":88,"column":34}}},"fnMap":{"0":{"name":"(anonymous_1)","decl":{"start":{"line":10,"column":62},"end":{"line":10,"column":63}},"loc":{"start":{"line":12,"column":5},"end":{"line":86,"column":1}}},"1":{"name":"(anonymous_2)","decl":{"start":{"line":17,"column":4},"end":{"line":17,"column":5}},"loc":{"start":{"line":17,"column":17},"end":{"line":17,"column":49}}},"2":{"name":"(anonymous_3)","decl":{"start":{"line":46,"column":13},"end":{"line":46,"column":14}},"loc":{"start":{"line":47,"column":10},"end":{"line":81,"column":null}}}},"branchMap":{"0":{"loc":{"start":{"line":21,"column":2},"end":{"line":23,"column":3}},"type":"if","locations":[{"start":{"line":21,"column":2},"end":{"line":23,"column":3}}]},"1":{"loc":{"start":{"line":21,"column":6},"end":{"line":21,"column":49}},"type":"binary-expr","locations":[{"start":{"line":21,"column":6},"end":{"line":21,"column":28}},{"start":{"line":21,"column":32},"end":{"line":21,"column":49}}]},"2":{"loc":{"start":{"line":26,"column":2},"end":{"line":28,"column":3}},"type":"if","locations":[{"start":{"line":26,"column":2},"end":{"line":28,"column":3}}]},"3":{"loc":{"start":{"line":31,"column":2},"end":{"line":33,"column":3}},"type":"if","locations":[{"start":{"line":31,"column":2},"end":{"line":33,"column":3}}]},"4":{"loc":{"start":{"line":34,"column":2},"end":{"line":40,"column":3}},"type":"if","locations":[{"start":{"line":34,"column":2},"end":{"line":40,"column":3}}]}},"s":{"0":0,"1":0,"2":0,"3":0,"4":0,"5":0,"6":0,"7":0,"8":0,"9":0,"10":0,"11":0,"12":0,"13":0,"14":0,"15":0,"16":0,"17":0,"18":0,"19":0},"f":{"0":0,"1":0,"2":0},"b":{"0":[0],"1":[0,0],"2":[0],"3":[0],"4":[0]}}
,"C:\\Users\\nalim\\OneDrive\\Desktop\\Wd301-SportBuzz\\src\\pages\\account\\Articles\\PreferredArticleItem.tsx": {"path":"C:\\Users\\nalim\\OneDrive\\Desktop\\Wd301-SportBuzz\\src\\pages\\account\\Articles\\PreferredArticleItem.tsx","statementMap":{"0":{"start":{"line":1,"column":0},"end":{"line":1,"column":26}},"1":{"start":{"line":2,"column":0},"end":{"line":2,"column":40}},"2":{"start":{"line":3,"column":0},"end":{"line":3,"column":69}},"3":{"start":{"line":5,"column":29},"end":{"line":108,"column":1}},"4":{"start":{"line":6,"column":16},"end":{"line":6,"column":34}},"5":{"start":{"line":7,"column":57},"end":{"line":7,"column":62}},"6":{"start":{"line":9,"column":25},"end":{"line":13,"column":4}},"7":{"start":{"line":10,"column":21},"end":{"line":10,"column":47}},"8":{"start":{"line":11,"column":21},"end":{"line":11,"column":47}},"9":{"start":{"line":12,"column":4},"end":{"line":12,"column":31}},"10":{"start":{"line":17,"column":2},"end":{"line":40,"column":3}},"11":{"start":{"line":22,"column":4},"end":{"line":26,"column":6}},"12":{"start":{"line":24,"column":8},"end":{"line":25,"column":60}},"13":{"start":{"line":25,"column":37},"end":{"line":25,"column":59}},"14":{"start":{"line":28,"column":4},"end":{"line":39,"column":7}},"15":{"start":{"line":30,"column":26},"end":{"line":30,"column":78}},"16":{"start":{"line":30,"column":49},"end":{"line":30,"column":77}},"17":{"start":{"line":33,"column":25},"end":{"line":34,"column":null}},"18":{"start":{"line":34,"column":8},"end":{"line":34,"column":33}},"19":{"start":{"line":38,"column":6},"end":{"line":38,"column":39}},"20":{"start":{"line":42,"column":25},"end":{"line":42,"column":53}},"21":{"start":{"line":45,"column":2},"end":{"line":47,"column":3}},"22":{"start":{"line":46,"column":4},"end":{"line":46,"column":35}},"23":{"start":{"line":50,"column":2},"end":{"line":52,"column":3}},"24":{"start":{"line":51,"column":4},"end":{"line":51,"column":35}},"25":{"start":{"line":55,"column":2},"end":{"line":57,"column":3}},"26":{"start":{"line":56,"column":4},"end":{"line":56,"column":39}},"27":{"start":{"line":58,"column":2},"end":{"line":64,"column":3}},"28":{"start":{"line":59,"column":4},"end":{"line":63,"column":6}},"29":{"start":{"line":66,"column":2},"end":{"line":107,"column":4}},"30":{"start":{"line":69,"column":8},"end":{"line":103,"column":null}},"31":{"start":{"line":109,"column":0},"end":{"line":109,"column":36}}},"fnMap":{"0":{"name":"(anonymous_1)","decl":{"start":{"line":5,"column":29},"end":{"line":5,"column":30}},"loc":{"start":{"line":5,"column":61},"end":{"line":108,"column":1}}},"1":{"name":"(anonymous_2)","decl":{"start":{"line":9,"column":39},"end":{"line":9,"column":40}},"loc":{"start":{"line":9,"column":48},"end":{"line":13,"column":3}}},"2":{"name":"(anonymous_3)","decl":{"start":{"line":23,"column":6},"end":{"line":23,"column":7}},"loc":{"start":{"line":24,"column":8},"end":{"line":25,"column":60}}},"3":{"name":"(anonymous_4)","decl":{"start":{"line":25,"column":27},"end":{"line":25,"column":28}},"loc":{"start":{"line":25,"column":37},"end":{"line":25,"column":59}}},"4":{"name":"(anonymous_5)","decl":{"start":{"line":28,"column":45},"end":{"line":28,"column":46}},"loc":{"start":{"line":28,"column":57},"end":{"line":39,"column":5}}},"5":{"name":"(anonymous_6)","decl":{"start":{"line":30,"column":38},"end":{"line":30,"column":39}},"loc":{"start":{"line":30,"column":49},"end":{"line":30,"column":77}}},"6":{"name":"(anonymous_7)","decl":{"start":{"line":33,"column":44},"end":{"line":33,"column":45}},"loc":{"start":{"line":34,"column":8},"end":{"line":34,"column":33}}},"7":{"name":"(anonymous_8)","decl":{"start":{"line":68,"column":26},"end":{"line":68,"column":27}},"loc":{"start":{"line":69,"column":8},"end":{"line":103,"column":null}}}},"branchMap":{"0":{"loc":{"start":{"line":17,"column":2},"end":{"line":40,"column":3}},"type":"if","locations":[{"start":{"line":17,"column":2},"end":{"line":40,"column":3}},{"start":{"line":27,"column":9},"end":{"line":40,"column":3}}]},"1":{"loc":{"start":{"line":24,"column":8},"end":{"line":25,"column":60}},"type":"binary-expr","locations":[{"start":{"line":24,"column":8},"end":{"line":24,"column":39}},{"start":{"line":25,"column":8},"end":{"line":25,"column":60}}]},"2":{"loc":{"start":{"line":38,"column":13},"end":{"line":38,"column":38}},"type":"binary-expr","locations":[{"start":{"line":38,"column":13},"end":{"line":38,"column":24}},{"start":{"line":38,"column":28},"end":{"line":38,"column":38}}]},"3":{"loc":{"start":{"line":45,"column":2},"end":{"line":47,"column":3}},"type":"if","locations":[{"start":{"line":45,"column":2},"end":{"line":47,"column":3}}]},"4":{"loc":{"start":{"line":45,"column":6},"end":{"line":45,"column":49}},"type":"binary-expr","locations":[{"start":{"line":45,"column":6},"end":{"line":45,"column":28}},{"start":{"line":45,"column":32},"end":{"line":45,"column":49}}]},"5":{"loc":{"start":{"line":50,"column":2},"end":{"line":52,"column":3}},"type":"if","locations":[{"start":{"line":50,"column":2},"end":{"line":52,"column":3}}]},"6":{"loc":{"start":{"line":55,"column":2},"end":{"line":57,"column":3}},"type":"if","locations":[{"start":{"line":55,"column":2},"end":{"line":57,"column":3}}]},"7":{"loc":{"start":{"line":58,"column":2},"end":{"line":64,"column":3}},"type":"if","locations":[{"start":{"line":58,"column":2},"end":{"line":64,"column":3}}]}},"s":{"0":0,"1":0,"2":0,"3":0,"4":0,"5":0,"6":0,"7":0,"8":0,"9":0,"10":0,"11":0,"12":0,"13":0,"14":0,"15":0,"16":0,"17":0,"18":0,"19":0,"20":0,"21":0,"22":0,"23":0,"24":0,"25":0,"26":0,"27":0,"28":0,"29":0,"30":0,"31":0},"f":{"0":0,"1":0,"2":0,"3":0,"4":0,"5":0,"6":0,"7":0},"b":{"0":[0,0],"1":[0,0],"2":[0,0],"3":[0],"4":[0,0],"5":[0],"6":[0],"7":[0]}}
,"C:\\Users\\nalim\\OneDrive\\Desktop\\Wd301-SportBuzz\\src\\pages\\account\\Articles\\PreferredArticles.tsx": {"path":"C:\\Users\\nalim\\OneDrive\\Desktop\\Wd301-SportBuzz\\src\\pages\\account\\Articles\\PreferredArticles.tsx","statementMap":{"0":{"start":{"line":1,"column":0},"end":{"line":1,"column":80}},"1":{"start":{"line":2,"column":0},"end":{"line":2,"column":51}},"2":{"start":{"line":3,"column":0},"end":{"line":3,"column":65}},"3":{"start":{"line":4,"column":0},"end":{"line":4,"column":63}},"4":{"start":{"line":5,"column":0},"end":{"line":5,"column":54}},"5":{"start":{"line":6,"column":0},"end":{"line":6,"column":58}},"6":{"start":{"line":7,"column":0},"end":{"line":7,"column":54}},"7":{"start":{"line":8,"column":0},"end":{"line":8,"column":21}},"8":{"start":{"line":10,"column":26},"end":{"line":120,"column":1}},"9":{"start":{"line":11,"column":16},"end":{"line":11,"column":32}},"10":{"start":{"line":13,"column":20},"end":{"line":13,"column":35}},"11":{"start":{"line":15,"column":2},"end":{"line":15,"column":29}},"12":{"start":{"line":16,"column":30},"end":{"line":16,"column":45}},"13":{"start":{"line":19,"column":34},"end":{"line":19,"column":48}},"14":{"start":{"line":21,"column":25},"end":{"line":23,"column":3}},"15":{"start":{"line":22,"column":4},"end":{"line":22,"column":23}},"16":{"start":{"line":25,"column":27},"end":{"line":28,"column":3}},"17":{"start":{"line":26,"column":4},"end":{"line":26,"column":27}},"18":{"start":{"line":27,"column":4},"end":{"line":27,"column":21}},"19":{"start":{"line":30,"column":2},"end":{"line":119,"column":4}},"20":{"start":{"line":73,"column":22},"end":{"line":79,"column":null}},"21":{"start":{"line":75,"column":39},"end":{"line":75,"column":62}},"22":{"start":{"line":86,"column":22},"end":{"line":92,"column":null}},"23":{"start":{"line":88,"column":39},"end":{"line":88,"column":61}},"24":{"start":{"line":111,"column":14},"end":{"line":112,"column":null}},"25":{"start":{"line":122,"column":0},"end":{"line":122,"column":33}}},"fnMap":{"0":{"name":"(anonymous_7)","decl":{"start":{"line":10,"column":26},"end":{"line":10,"column":27}},"loc":{"start":{"line":10,"column":48},"end":{"line":120,"column":1}}},"1":{"name":"(anonymous_8)","decl":{"start":{"line":21,"column":25},"end":{"line":21,"column":28}},"loc":{"start":{"line":21,"column":30},"end":{"line":23,"column":3}}},"2":{"name":"(anonymous_9)","decl":{"start":{"line":25,"column":27},"end":{"line":25,"column":28}},"loc":{"start":{"line":25,"column":36},"end":{"line":28,"column":3}}},"3":{"name":"(anonymous_10)","decl":{"start":{"line":72,"column":38},"end":{"line":72,"column":39}},"loc":{"start":{"line":73,"column":22},"end":{"line":79,"column":null}}},"4":{"name":"(anonymous_11)","decl":{"start":{"line":75,"column":33},"end":{"line":75,"column":36}},"loc":{"start":{"line":75,"column":39},"end":{"line":75,"column":62}}},"5":{"name":"(anonymous_12)","decl":{"start":{"line":85,"column":41},"end":{"line":85,"column":42}},"loc":{"start":{"line":86,"column":22},"end":{"line":92,"column":null}}},"6":{"name":"(anonymous_13)","decl":{"start":{"line":88,"column":33},"end":{"line":88,"column":36}},"loc":{"start":{"line":88,"column":39},"end":{"line":88,"column":61}}},"7":{"name":"(anonymous_14)","decl":{"start":{"line":110,"column":24},"end":{"line":110,"column":25}},"loc":{"start":{"line":111,"column":14},"end":{"line":112,"column":null}}}},"branchMap":{"0":{"loc":{"start":{"line":48,"column":19},"end":{"line":48,"column":49}},"type":"cond-expr","locations":[{"start":{"line":48,"column":30},"end":{"line":48,"column":38}},{"start":{"line":48,"column":41},"end":{"line":48,"column":49}}]},"1":{"loc":{"start":{"line":63,"column":15},"end":{"line":96,"column":null}},"type":"binary-expr","locations":[{"start":{"line":63,"column":15},"end":{"line":63,"column":21}},{"start":{"line":64,"column":16},"end":{"line":95,"column":null}}]}},"s":{"0":0,"1":0,"2":0,"3":0,"4":0,"5":0,"6":0,"7":0,"8":0,"9":0,"10":0,"11":0,"12":0,"13":0,"14":0,"15":0,"16":0,"17":0,"18":0,"19":0,"20":0,"21":0,"22":0,"23":0,"24":0,"25":0},"f":{"0":0,"1":0,"2":0,"3":0,"4":0,"5":0,"6":0,"7":0},"b":{"0":[0,0],"1":[0,0]}}
,"C:\\Users\\nalim\\OneDrive\\Desktop\\Wd301-SportBuzz\\src\\pages\\account\\Articles\\PreferredSportList.tsx": {"path":"C:\\Users\\nalim\\OneDrive\\Desktop\\Wd301-SportBuzz\\src\\pages\\account\\Articles\\PreferredSportList.tsx","statementMap":{"0":{"start":{"line":1,"column":0},"end":{"line":1,"column":40}},"1":{"start":{"line":2,"column":0},"end":{"line":2,"column":26}},"2":{"start":{"line":4,"column":27},"end":{"line":18,"column":1}},"3":{"start":{"line":5,"column":2},"end":{"line":5,"column":22}},"4":{"start":{"line":6,"column":2},"end":{"line":17,"column":4}},"5":{"start":{"line":9,"column":8},"end":{"line":13,"column":null}},"6":{"start":{"line":20,"column":0},"end":{"line":20,"column":34}}},"fnMap":{"0":{"name":"(anonymous_1)","decl":{"start":{"line":4,"column":27},"end":{"line":4,"column":28}},"loc":{"start":{"line":4,"column":42},"end":{"line":18,"column":1}}},"1":{"name":"(anonymous_2)","decl":{"start":{"line":8,"column":18},"end":{"line":8,"column":19}},"loc":{"start":{"line":9,"column":8},"end":{"line":13,"column":null}}}},"branchMap":{},"s":{"0":0,"1":0,"2":0,"3":0,"4":0,"5":0,"6":0},"f":{"0":0,"1":0},"b":{}}
,"C:\\Users\\nalim\\OneDrive\\Desktop\\Wd301-SportBuzz\\src\\pages\\account\\Matches\\MatchItem.tsx": {"path":"C:\\Users\\nalim\\OneDrive\\Desktop\\Wd301-SportBuzz\\src\\pages\\account\\Matches\\MatchItem.tsx","statementMap":{"0":{"start":{"line":1,"column":0},"end":{"line":1,"column":51}},"1":{"start":{"line":2,"column":0},"end":{"line":2,"column":40}},"2":{"start":{"line":3,"column":0},"end":{"line":3,"column":61}},"3":{"start":{"line":4,"column":0},"end":{"line":4,"column":59}},"4":{"start":{"line":5,"column":0},"end":{"line":5,"column":51}},"5":{"start":{"line":6,"column":0},"end":{"line":6,"column":55}},"6":{"start":{"line":7,"column":0},"end":{"line":7,"column":57}},"7":{"start":{"line":27,"column":44},"end":{"line":125,"column":1}},"8":{"start":{"line":28,"column":28},"end":{"line":28,"column":56}},"9":{"start":{"line":30,"column":25},"end":{"line":45,"column":3}},"10":{"start":{"line":31,"column":4},"end":{"line":44,"column":5}},"11":{"start":{"line":32,"column":23},"end":{"line":37,"column":8}},"12":{"start":{"line":39,"column":24},"end":{"line":39,"column":45}},"13":{"start":{"line":41,"column":6},"end":{"line":41,"column":26}},"14":{"start":{"line":43,"column":6},"end":{"line":43,"column":58}},"15":{"start":{"line":46,"column":30},"end":{"line":49,"column":3}},"16":{"start":{"line":47,"column":4},"end":{"line":47,"column":28}},"17":{"start":{"line":48,"column":4},"end":{"line":48,"column":38}},"18":{"start":{"line":51,"column":2},"end":{"line":53,"column":16}},"19":{"start":{"line":52,"column":4},"end":{"line":52,"column":28}},"20":{"start":{"line":55,"column":21},"end":{"line":64,"column":3}},"21":{"start":{"line":56,"column":18},"end":{"line":56,"column":42}},"22":{"start":{"line":57,"column":19},"end":{"line":57,"column":57}},"23":{"start":{"line":60,"column":30},"end":{"line":60,"column":65}},"24":{"start":{"line":63,"column":19},"end":{"line":63,"column":43}},"25":{"start":{"line":66,"column":2},"end":{"line":68,"column":3}},"26":{"start":{"line":67,"column":4},"end":{"line":67,"column":33}},"27":{"start":{"line":70,"column":2},"end":{"line":124,"column":4}},"28":{"start":{"line":86,"column":14},"end":{"line":93,"column":null}},"29":{"start":{"line":127,"column":0},"end":{"line":127,"column":25}}},"fnMap":{"0":{"name":"(anonymous_7)","decl":{"start":{"line":27,"column":44},"end":{"line":27,"column":45}},"loc":{"start":{"line":27,"column":60},"end":{"line":125,"column":1}}},"1":{"name":"(anonymous_8)","decl":{"start":{"line":30,"col
[...]
48,"column":6},"end":{"line":48,"column":60}},"30":{"start":{"line":49,"column":6},"end":{"line":49,"column":33}},"31":{"start":{"line":51,"column":6},"end":{"line":51,"column":56}},"32":{"start":{"line":55,"column":17},"end":{"line":57,"column":3}},"33":{"start":{"line":56,"column":4},"end":{"line":56,"column":25}},"34":{"start":{"line":60,"column":4},"end":{"line":60,"column":21}},"35":{"start":{"line":64,"column":4},"end":{"line":64,"column":22}},"36":{"start":{"line":67,"column":4},"end":{"line":67,"column":20}},"37":{"start":{"line":71,"column":4},"end":{"line":71,"column":21}},"38":{"start":{"line":72,"column":4},"end":{"line":72,"column":45}},"39":{"start":{"line":75,"column":17},"end":{"line":97,"column":3}},"40":{"start":{"line":76,"column":4},"end":{"line":76,"column":29}},"41":{"start":{"line":77,"column":4},"end":{"line":96,"column":5}},"42":{"start":{"line":78,"column":23},"end":{"line":85,"column":8}},"43":{"start":{"line":87,"column":6},"end":{"line":90,"column":7}},"44":{"start":{"line":88,"column":29},"end":{"line":88,"column":50}},"45":{"start":{"line":89,"column":8},"end":{"line":89,"column":70}},"46":{"start":{"line":91,"column":6},"end":{"line":91,"column":51}},"47":{"start":{"line":92,"column":6},"end":{"line":92,"column":46}},"48":{"start":{"line":93,"column":6},"end":{"line":93,"column":15}},"49":{"start":{"line":95,"column":6},"end":{"line":95,"column":63}},"50":{"start":{"line":99,"column":2},"end":{"line":111,"column":9}},"51":{"start":{"line":100,"column":24},"end":{"line":100,"column":57}},"52":{"start":{"line":101,"column":27},"end":{"line":101,"column":71}},"53":{"start":{"line":103,"column":4},"end":{"line":103,"column":26}},"54":{"start":{"line":104,"column":4},"end":{"line":104,"column":28}},"55":{"start":{"line":106,"column":4},"end":{"line":109,"column":5}},"56":{"start":{"line":107,"column":6},"end":{"line":107,"column":35}},"57":{"start":{"line":108,"column":6},"end":{"line":108,"column":37}},"58":{"start":{"line":110,"column":4},"end":{"line":110,"column":22}},"59":{"start":{"line":113,"column":23},"end":{"line":118,"column":3}},"60":{"start":{"line":114,"column":4},"end":{"line":114,"column":27}},"61":{"start":{"line":115,"column":16},"end":{"line":115,"column":50}},"62":{"start":{"line":116,"column":4},"end":{"line":116,"column":21}},"63":{"start":{"line":117,"column":4},"end":{"line":117,"column":16}},"64":{"start":{"line":120,"column":2},"end":{"line":305,"column":3}},"65":{"start":{"line":121,"column":4},"end":{"line":304,"column":6}},"66":{"start":{"line":205,"column":43},"end":{"line":205,"column":77}},"67":{"start":{"line":221,"column":43},"end":{"line":221,"column":73}},"68":{"start":{"line":307,"column":2},"end":{"line":307,"column":14}},"69":{"start":{"line":310,"column":0},"end":{"line":310,"column":23}}},"fnMap":{"0":{"name":"(anonymous_7)","decl":{"start":{"line":20,"column":16},"end":{"line":20,"column":19}},"loc":{"start":{"line":20,"column":21},"end":{"line":308,"column":1}}},"1":{"name":"(anonymous_8)","decl":{"start":{"line":34,"column":26},"end":{"line":34,"column":31}},"loc":{"start":{"line":34,"column":37},"end":{"line":53,"column":3}}},"2":{"name":"(anonymous_9)","decl":{"start":{"line":55,"column":17},"end":{"line":55,"column":20}},"loc":{"start":{"line":55,"column":22},"end":{"line":57,"column":3}}},"3":{"name":"popen","decl":{"start":{"line":59,"column":11},"end":{"line":59,"column":16}},"loc":{"start":{"line":59,"column":16},"end":{"line":61,"column":3}}},"4":{"name":"pclose","decl":{"start":{"line":63,"column":11},"end":{"line":63,"column":17}},"loc":{"start":{"line":63,"column":17},"end":{"line":65,"column":3}}},"5":{"name":"open","decl":{"start":{"line":66,"column":11},"end":{"line":66,"column":15}},"loc":{"start":{"line":66,"column":15},"end":{"line":68,"column":3}}},"6":{"name":"close","decl":{"start":{"line":70,"column":11},"end":{"line":70,"column":16}},"loc":{"start":{"line":70,"column":16},"end":{"line":73,"column":3}}},"7":{"name":"(anonymous_14)","decl":{"start":{"line":75,"column":17},"end":{"line":75,"column":22}},"loc":{"start":{"line":75,"column":39},"end":{"line":97,"column":3}}},"8":{"name":"(anonymous_15)","decl":{"start":{"line":99,"column":12},"end":{"line":99,"column":15}},"loc":{"start":{"line":99,"column":17},"end":{"line":111,"column":3}}},"9":{"name":"(anonymous_16)","decl":{"start":{"line":113,"column":23},"end":{"line":113,"column":24}},"loc":{"start":{"line":113,"column":33},"end":{"line":118,"column":3}}},"10":{"name":"(anonymous_17)","decl":{"start":{"line":205,"column":36},"end":{"line":205,"column":37}},"loc":{"start":{"line":205,"column":43},"end":{"line":205,"column":77}}},"11":{"name":"(anonymous_18)","decl":{"start":{"line":221,"column":36},"end":{"line":221,"column":37}},"loc":{"start":{"line":221,"column":43},"end":{"line":221,"column":73}}}},"branchMap":{"0":{"loc":{"start":{"line":35,"column":18},"end":{"line":35,"column":57}},"type":"binary-expr","locations":[{"start":{"line":35,"column":18},"end":{"line":35,"column":51}},{"start":{"line":35,"column":55},"end":{"line":35,"column":57}}]},"1":{"loc":{"start":{"line":87,"column":6},"end":{"line":90,"column":7}},"type":"if","locations":[{"start":{"line":87,"column":6},"end":{"line":90,"column":7}}]},"2":{"loc":{"start":{"line":106,"column":4},"end":{"line":109,"column":5}},"type":"if","locations":[{"start":{"line":106,"column":4},"end":{"line":109,"column":5}}]},"3":{"loc":{"start":{"line":120,"column":2},"end":{"line":305,"column":3}},"type":"if","locations":[{"start":{"line":120,"column":2},"end":{"line":305,"column":3}}]}},"s":{"0":0,"1":0,"2":0,"3":0,"4":0,"5":0,"6":0,"7":0,"8":0,"9":0,"10":0,"11":0,"12":0,"13":0,"14":0,"15":0,"16":0,"17":0,"18":0,"19":0,"20":0,"21":0,"22":0,"23":0,"24":0,"25":0,"26":0,"27":0,"28":0,"29":0,"30":0,"31":0,"32":0,"33":0,"34":0,"35":0,"36":0,"37":0,"38":0,"39":0,"40":0,"41":0,"42":0,"43":0,"44":0,"45":0,"46":0,"47":0,"48":0,"49":0,"50":0,"51":0,"52":0,"53":0,"54":0,"55":0,"56":0,"57":0,"58":0,"59":0,"60":0,"61":0,"62":0,"63":0,"64":0,"65":0,"66":0,"67":0,"68":0,"69":0},"f":{"0":0,"1":0,"2":0,"3":0,"4":0,"5":0,"6":0,"7":0,"8":0,"9":0,"10":0,"11":0},"b":{"0":[0,0],"1":[0],"2":[0],"3":[0]}}
,"C:\\Users\\nalim\\OneDrive\\Desktop\\Wd301-SportBuzz\\src\\pages\\signin\\SigninForm.tsx": {"path":"C:\\Users\\nalim\\OneDrive\\Desktop\\Wd301-SportBuzz\\src\\pages\\signin\\SigninForm.tsx","statementMap":{"0":{"start":{"line":1,"column":0},"end":{"line":1,"column":40}},"1":{"start":{"line":2,"column":0},"end":{"line":2,"column":57}},"2":{"start":{"line":3,"column":0},"end":{"line":3,"column":47}},"3":{"start":{"line":4,"column":0},"end":{"line":4,"column":54}},"4":{"start":{"line":5,"column":0},"end":{"line":5,"column":65}},"5":{"start":{"line":6,"column":0},"end":{"line":6,"column":47}},"6":{"start":{"line":13,"column":29},"end":{"line":91,"column":1}},"7":{"start":{"line":14,"column":19},"end":{"line":14,"column":32}},"8":{"start":{"line":15,"column":24},"end":{"line":15,"column":36}},"9":{"start":{"line":20,"column":6},"end":{"line":20,"column":23}},"10":{"start":{"line":22,"column":42},"end":{"line":46,"column":3}},"11":{"start":{"line":23,"column":32},"end":{"line":23,"column":36}},"12":{"start":{"line":25,"column":4},"end":{"line":45,"column":5}},"13":{"start":{"line":26,"column":23},"end":{"line":30,"column":8}},"14":{"start":{"line":32,"column":6},"end":{"line":34,"column":7}},"15":{"start":{"line":33,"column":8},"end":{"line":33,"column":42}},"16":{"start":{"line":36,"column":6},"end":{"line":36,"column":40}},"17":{"start":{"line":37,"column":27},"end":{"line":37,"column":48}},"18":{"start":{"line":39,"column":6},"end":{"line":39,"column":65}},"19":{"start":{"line":40,"column":6},"end":{"line":40,"column":74}},"20":{"start":{"line":41,"column":6},"end":{"line":41,"column":27}},"21":{"start":{"line":43,"column":6},"end":{"line":43,"column":46}},"22":{"start":{"line":44,"column":6},"end":{"line":44,"column":61}},"23":{"start":{"line":48,"column":2},"end":{"line":90,"column":4}},"24":{"start":{"line":93,"column":0},"end":{"line":93,"column":26}}},"fnMap":{"0":{"name":"(anonymous_6)","decl":{"start":{"line":13,"column":29},"end":{"line":13,"column":32}},"loc":{"start":{"line":13,"column":34},"end":{"line":91,"column":1}}},"1":{"name":"(anonymous_7)","decl":{"start":{"line":22,"column":42},"end":{"line":22,"column":47}},"loc":{"start":{"line":22,"column":57},"end":{"line":46,"column":3}}}},"branchMap":{"0":{"loc":{"start":{"line":32,"column":6},"end":{"line":34,"column":7}},"type":"if","locations":[{"start":{"line":32,"column":6},"end":{"line":34,"column":7}}]},"1":{"loc":{"start":{"line":60,"column":12},"end":{"line":60,"column":null}},"type":"cond-expr","locations":[{"start":{"line":60,"column":27},"end":{"line":60,"column":43}},{"start":{"line":60,"column":46},"end":{"line":60,"column":null}}]},"2":{"loc":{"start":{"line":73,"column":12},"end":{"line":73,"column":null}},"type":"cond-expr","locations":[{"start":{"line":73,"column":30},"end":{"line":73,"column":46}},{"start":{"line":73,"column":49},"end":{"line":73,"column":null}}]}},"s":{"0":0,"1":0,"2":0,"3":0,"4":0,"5":0,"6":0,"7":0,"8":0,"9":0,"10":0,"11":0,"12":0,"13":0,"14":0,"15":0,"16":0,"17":0,"18":0,"19":0,"20":0,"21":0,"22":0,"23":0,"24":0},"f":{"0":0,"1":0},"b":{"0":[0],"1":[0,0],"2":[0,0]}}
,"C:\\Users\\nalim\\OneDrive\\Desktop\\Wd301-SportBuzz\\src\\pages\\signin\\index.tsx": {"path":"C:\\Users\\nalim\\OneDrive\\Desktop\\Wd301-SportBuzz\\src\\pages\\signin\\index.tsx","statementMap":{"0":{"start":{"line":1,"column":0},"end":{"line":1,"column":26}},"1":{"start":{"line":2,"column":0},"end":{"line":2,"column":38}},"2":{"start":{"line":4,"column":25},"end":{"line":15,"column":1}},"3":{"start":{"line":5,"column":2},"end":{"line":14,"column":4}},"4":{"start":{"line":17,"column":0},"end":{"line":17,"column":22}}},"fnMap":{"0":{"name":"(anonymous_1)","decl":{"start":{"line":4,"column":25},"end":{"line":4,"column":28}},"loc":{"start":{"line":4,"column":30},"end":{"line":15,"column":1}}}},"branchMap":{},"s":{"0":0,"1":0,"2":0,"3":0,"4":0},"f":{"0":0},"b":{}}
,"C:\\Users\\nalim\\OneDrive\\Desktop\\Wd301-SportBuzz\\src\\pages\\signup\\SignupForm.tsx": {"path":"C:\\Users\\nalim\\OneDrive\\Desktop\\Wd301-SportBuzz\\src\\pages\\signup\\SignupForm.tsx","statementMap":{"0":{"start":{"line":1,"column":0},"end":{"line":1,"column":26}},"1":{"start":{"line":2,"column":0},"end":{"line":2,"column":57}},"2":{"start":{"line":3,"column":0},"end":{"line":3,"column":47}},"3":{"start":{"line":4,"column":0},"end":{"line":4,"column":54}},"4":{"start":{"line":6,"column":29},"end":{"line":105,"column":1}},"5":{"start":{"line":7,"column":19},"end":{"line":7,"column":32}},"6":{"start":{"line":12,"column":6},"end":{"line":12,"column":23}},"7":{"start":{"line":19,"column":42},"end":{"line":46,"column":3}},"8":{"start":{"line":20,"column":38},"end":{"line":20,"column":42}},"9":{"start":{"line":21,"column":4},"end":{"line":45,"column":5}},"10":{"start":{"line":22,"column":6},"end":{"line":22,"column":41}},"11":{"start":{"line":23,"column":23},"end":{"line":31,"column":8}},"12":{"start":{"line":33,"column":6},"end":{"line":35,"column":7}},"13":{"start":{"line":34,"column":8},"end":{"line":34,"column":46}},"14":{"start":{"line":36,"column":6},"end":{"line":36,"column":40}},"15":{"start":{"line":37,"column":27},"end":{"line":37,"column":48}},"16":{"start":{"line":39,"column":6},"end":{"line":39,"column":65}},"17":{"start":{"line":40,"column":6},"end":{"line":40,"column":74}},"18":{"start":{"line":42,"column":6},"end":{"line":42,"column":27}},"19":{"start":{"line":44,"column":6},"end":{"line":44,"column":46}},"20":{"start":{"line":48,"column":2},"end":{"line":104,"column":4}},"21":{"start":{"line":107,"column":0},"end":{"line":107,"column":26}}},"fnMap":{"0":{"name":"(anonymous_1)","decl":{"start":{"line":6,"column":29},"end":{"line":6,"column":32}},"loc":{"start":{"line":6,"column":34},"end":{"line":105,"column":1}}},"1":{"name":"(anonymous_2)","decl":{"start":{"line":19,"column":42},"end":{"line":19,"column":47}},"loc":{"start":{"line":19,"column":57},"end":{"line":46,"column":3}}}},"branchMap":{"0":{"loc":{"start":{"line":33,"column":6},"end":{"line":35,"column":7}},"type":"if","locations":[{"start":{"line":33,"column":6},"end":{"line":35,"column":7}}]},"1":{"loc":{"start":{"line":60,"column":14},"end":{"line":60,"column":null}},"type":"cond-expr","locations":[{"start":{"line":60,"column":28},"end":{"line":60,"column":44}},{"start":{"line":60,"column":47},"end":{"line":60,"column":null}}]},"2":{"loc":{"start":{"line":73,"column":14},"end":{"line":73,"column":null}},"type":"cond-expr","locations":[{"start":{"line":73,"column":29},"end":{"line":73,"column":45}},{"start":{"line":73,"column":48},"end":{"line":73,"column":null}}]},"3":{"loc":{"start":{"line":86,"column":14},"end":{"line":86,"column":null}},"type":"cond-expr","locations":[{"start":{"line":86,"column":32},"end":{"line":86,"column":48}},{"start":{"line":86,"column":51},"end":{"line":86,"column":null}}]}},"s":{"0":0,"1":0,"2":0,"3":0,"4":0,"5":0,"6":0,"7":0,"8":0,"9":0,"10":0,"11":0,"12":0,"13":0,"14":0,"15":0,"16":0,"17":0,"18":0,"19":0,"20":0,"21":0},"f":{"0":0,"1":0},"b":{"0":[0],"1":[0,0],"2":[0,0],"3":[0,0]}}
,"C:\\Users\\nalim\\OneDrive\\Desktop\\Wd301-SportBuzz\\src\\pages\\signup\\index.tsx": {"path":"C:\\Users\\nalim\\OneDrive\\Desktop\\Wd301-SportBuzz\\src\\pages\\signup\\index.tsx","statementMap":{"0":{"start":{"line":1,"column":0},"end":{"line":1,"column":26}},"1":{"start":{"line":3,"column":0},"end":{"line":3,"column":38}},"2":{"start":{"line":5,"column":25},"end":{"line":17,"column":1}},"3":{"start":{"line":7,"column":2},"end":{"line":16,"column":4}},"4":{"start":{"line":18,"column":0},"end":{"line":18,"column":22}}},"fnMap":{"0":{"name":"(anonymous_1)","decl":{"start":{"line":5,"column":25},"end":{"line":5,"column":28}},"loc":{"start":{"line":5,"column":30},"end":{"line":17,"column":1}}}},"branchMap":{},"s":{"0":0,"1":0,"2":0,"3":0,"4":0},"f":{"0":0},"b":{}}
,"C:\\Users\\nalim\\OneDrive\\Desktop\\Wd301-SportBuzz\\src\\routes\\ProtectedRoute.tsx": {"path":"C:\\Users\\nalim\\OneDrive\\Desktop\\Wd301-SportBuzz\\src\\routes\\ProtectedRoute.tsx","statementMap":{"0":{"start":{"line":4,"column":0},"end":{"line":4,"column":24}},"1":{"start":{"line":1,"column":0},"end":{"line":1,"column":26}},"2":{"start":{"line":2,"column":0},"end":{"line":2,"column":57}},"3":{"start":{"line":9,"column":23},"end":{"line":9,"column":36}},"4":{"start":{"line":11,"column":24},"end":{"line":11,"column":59}},"5":{"start":{"line":12,"column":2},"end":{"line":14,"column":3}},"6":{"start":{"line":13,"column":4},"end":{"line":13,"column":27}},"7":{"start":{"line":15,"column":2},"end":{"line":15,"column":72}}},"fnMap":{"0":{"name":"ProtectedRoute","decl":{"start":{"line":4,"column":24},"end":{"line":4,"column":38}},"loc":{"start":{"line":8,"column":1},"end":{"line":16,"column":1}}}},"branchMap":{"0":{"loc":{"start":{"line":12,"column":2},"end":{"line":14,"column":3}},"type":"if","locations":[{"start":{"line":12,"column":2},"end":{"line":14,"column":3}}]}},"s":{"0":0,"1":0,"2":0,"3":0,"4":0,"5":0,"6":0,"7":0},"f":{"0":0},"b":{"0":[0]}}
,"C:\\Users\\nalim\\OneDrive\\Desktop\\Wd301-SportBuzz\\src\\routes\\index.tsx": {"path":"C:\\Users\\nalim\\OneDrive\\Desktop\\Wd301-SportBuzz\\src\\routes\\index.tsx","statementMap":{"0":{"start":{"line":1,"column":0},"end":{"line":1,"column":36}},"1":{"start":{"line":2,"column":0},"end":{"line":2,"column":65}},"2":{"start":{"line":3,"column":0},"end":{"line":3,"column":46}},"3":{"start":{"line":4,"column":0},"end":{"line":4,"column":40}},"4":{"start":{"line":6,"column":0},"end":{"line":6,"column":48}},"5":{"start":{"line":7,"column":0},"end":{"line":7,"column":37}},"6":{"start":{"line":9,"column":0},"end":{"line":9,"column":61}},"7":{"start":{"line":10,"column":0},"end":{"line":10,"column":57}},"8":{"start":{"line":11,"column":0},"end":{"line":11,"column":59}},"9":{"start":{"line":12,"column":0},"end":{"line":12,"column":57}},"10":{"start":{"line":14,"column":0},"end":{"line":14,"column":41}},"11":{"start":{"line":15,"column":0},"end":{"line":15,"column":39}},"12":{"start":{"line":16,"column":0},"end":{"line":16,"column":37}},"13":{"start":{"line":17,"column":0},"end":{"line":17,"column":37}},"14":{"start":{"line":18,"column":0},"end":{"line":18,"column":46}},"15":{"start":{"line":19,"column":13},"end":{"line":19,"column":48}},"16":{"start":{"line":19,"column":23},"end":{"line":19,"column":47}},"17":{"start":{"line":20,"column":17},"end":{"line":20,"column":56}},"18":{"start":{"line":20,"column":27},"end":{"line":20,"column":55}},"19":{"start":{"line":21,"column":14},"end":{"line":21,"column":50}},"20":{"start":{"line":21,"column":24},"end":{"line":21,"column":49}},"21":{"start":{"line":22,"column":16},"end":{"line":22,"column":54}},"22":{"start":{"line":22,"column":26},"end":{"line":22,"column":53}},"23":{"start":{"line":23,"column":19},"end":{"line":23,"column":68}},"24":{"start":{"line":23,"column":29},"end":{"line":23,"column":67}},"25":{"start":{"line":25,"column":14},"end":{"line":25,"column":47}},"26":{"start":{"line":26,"column":15},"end":{"line":128,"column":2}},"27":{"start":{"line":51,"column":25},"end":{"line":51,"column":53}},"28":{"start":{"line":92,"column":25},"end":{"line":92,"column":53}},"29":{"start":{"line":130,"column":0},"end":{"line":130,"column":22}}},"fnMap":{"0":{"name":"(anonymous_7)","decl":{"start":{"line":19,"column":18},"end":{"line":19,"column":21}},"loc":{"start":{"line":19,"column":23},"end":{"line":19,"column":47}}},"1":{"name":"(anonymous_8)","decl":{"start":{"line":19,"column":23},"end":{"line":19,"column":31}},"loc":{"start":{"line":19,"column":23},"end":{"line":19,"column":47}}},"2":{"name":"(anonymous_9)","decl":{"start":{"line":20,"column":22},"end":{"line":20,"column":25}},"loc":{"start":{"line":20,"column":27},"end":{"line":20,"column":55}}},"3":{"name":"(anonymous_10)","decl":{"start":{"line":20,"column":27},"end":{"line":20,"column":35}},"loc":{"start":{"line":20,"column":27},"end":{"line":20,"column":55}}},"4":{"name":"(anonymous_11)","decl":{"start":{"line":21,"column":19},"end":{"line":21,"column":22}},"loc":{"start":{"line":21,"column":24},"end":{"line":21,"column":49}}},"5":{"name":"(anonymous_12)","decl":{"start":{"line":21,"column":24},"end":{"line":21,"column":32}},"loc":{"start":{"line":21,"column":24},"end":{"line":21,"column":49}}},"6":{"name":"(anonymous_13)","decl":{"start":{"line":22,"column":21},"end":{"line":22,"column":24}},"loc":{"start":{"line":22,"column":26},"end":{"line":22,"column":53}}},"7":{"name":"(anonymous_14)","decl":{"start":{"line":22,"column":26},"end":{"line":22,"column":34}},"loc":{"start":{"line":22,"column":26},"end":{"line":22,"column":53}}},"8":{"name":"(anonymous_15)","decl":{"start":{"line":23,"column":24},"end":{"line":23,"column":27}},"loc":{"start":{"line":23,"column":29},"end":{"line":23,"column":67}}},"9":{"name":"(anonymous_16)","decl":{"start":{"line":23,"column":29},"end":{"line":23,"column":37}},"loc":{"start":{"line":23,"column":29},"end":{"line":23,"column":67}}},"10":{"name":"(anonymous_17)","decl":{"start":{"line":51,"column":19},"end":{"line":51,"column":22}},"loc":{"start":{"line":51,"column":25},"end":{"line":51,"column":53}}},"11":{"name":"(anonymous_18)","decl":{"start":{"line":92,"column":19},"end":{"line":92,"column":22}},"loc":{"start":{"line":92,"column":25},"end":{"line":92,"column":53}}}},"branchMap":{"0":{"loc":{"start":{"line":29,"column":13},"end":{"line":32,"column":null}},"type":"cond-expr","locations":[{"start":{"line":30,"column":6},"end":{"line":30,"column":37}},{"start":{"line":32,"column":6},"end":{"line":32,"column":40}}]}},"s":{"0":0,"1":0,"2":0,"3":0,"4":0,"5":0,"6":0,"7":0,"8":0,"9":0,"10":0,"11":0,"12":0,"13":0,"14":0,"15":0,"16":0,"17":0,"18":0,"19":0,"20":0,"21":0,"22":0,"23":0,"24":0,"25":0,"26":0,"27":0,"28":0,"29":0},"f":{"0":0,"1":0,"2":0,"3":0,"4":0,"5":0,"6":0,"7":0,"8":0,"9":0,"10":0,"11":0},"b":{"0":[0,0]}}
}
